2018-09-21 09:01:36,157 [main] INFO  [o.s.c.a.AnnotationConfigApplicationContext] AbstractApplicationContext.java:583 - Refreshing org.springframework.context.annotation.AnnotationConfigApplicationContext@3c77d488: startup date [Fri Sep 21 09:01:36 CST 2018]; root of context hierarchy
2018-09-21 09:01:36,377 [main] INFO  [o.s.b.f.a.AutowiredAnnotationBeanPostProcessor] AutowiredAnnotationBeanPostProcessor.java:155 - JSR-330 'javax.inject.Inject' annotation found and supported for autowiring
2018-09-21 09:01:36,378 [background-preinit] INFO  [org.hibernate.validator.internal.util.Version] Version.java:30 - HV000001: Hibernate Validator 5.4.1.Final
2018-09-21 09:01:36,398 [main] INFO  [o.s.c.s.PostProcessorRegistrationDelegate$BeanPostProcessorChecker] PostProcessorRegistrationDelegate.java:327 - Bean 'configurationPropertiesRebinderAutoConfiguration' of type [org.springframework.cloud.autoconfigure.ConfigurationPropertiesRebinderAutoConfiguration$$EnhancerBySpringCGLIB$$dd2c8435] is not eligible for getting processed by all BeanPostProcessors (for example: not eligible for auto-proxying)
2018-09-21 09:01:36,668 [main] INFO  [o.s.c.c.client.ConfigServicePropertySourceLocator] ConfigServicePropertySourceLocator.java:82 - Fetching config from server at: http://localhost:8888
2018-09-21 09:01:37,732 [main] WARN  [o.s.c.c.client.ConfigServicePropertySourceLocator] ConfigServicePropertySourceLocator.java:136 - Could not locate PropertySource: I/O error on GET request for "http://localhost:8888/pig-eureka-server/default": Connection refused: connect; nested exception is java.net.ConnectException: Connection refused: connect
2018-09-21 09:01:37,732 [main] INFO  [com.github.rain.eureka.RainEurekaApplication] SpringApplication.java:593 - No active profile set, falling back to default profiles: default
2018-09-21 09:01:37,741 [main] INFO  [o.s.b.c.e.AnnotationConfigEmbeddedWebApplicationContext] AbstractApplicationContext.java:583 - Refreshing org.springframework.boot.context.embedded.AnnotationConfigEmbeddedWebApplicationContext@76a36b71: startup date [Fri Sep 21 09:01:37 CST 2018]; parent: org.springframework.context.annotation.AnnotationConfigApplicationContext@3c77d488
2018-09-21 09:01:38,405 [main] INFO  [o.springframework.cloud.context.scope.GenericScope] GenericScope.java:289 - BeanFactory id=604bef54-d147-3633-a108-a34a9609add2
2018-09-21 09:01:38,414 [main] INFO  [o.s.b.f.a.AutowiredAnnotationBeanPostProcessor] AutowiredAnnotationBeanPostProcessor.java:155 - JSR-330 'javax.inject.Inject' annotation found and supported for autowiring
2018-09-21 09:01:38,445 [main] INFO  [o.s.c.s.PostProcessorRegistrationDelegate$BeanPostProcessorChecker] PostProcessorRegistrationDelegate.java:327 - Bean 'org.springframework.cloud.autoconfigure.ConfigurationPropertiesRebinderAutoConfiguration' of type [org.springframework.cloud.autoconfigure.ConfigurationPropertiesRebinderAutoConfiguration$$EnhancerBySpringCGLIB$$dd2c8435] is not eligible for getting processed by all BeanPostProcessors (for example: not eligible for auto-proxying)
2018-09-21 09:01:38,682 [main] INFO  [o.s.b.c.e.tomcat.TomcatEmbeddedServletContainer] TomcatEmbeddedServletContainer.java:92 - Tomcat initialized with port(s): 1025 (http)
2018-09-21 09:01:38,693 [main] INFO  [org.apache.coyote.http11.Http11NioProtocol] DirectJDKLog.java:180 - Initializing ProtocolHandler ["http-nio-1025"]
2018-09-21 09:01:38,701 [main] INFO  [org.apache.catalina.core.StandardService] DirectJDKLog.java:180 - Starting service [Tomcat]
2018-09-21 09:01:38,701 [main] INFO  [org.apache.catalina.core.StandardEngine] DirectJDKLog.java:180 - Starting Servlet Engine: Apache Tomcat/8.5.32
2018-09-21 09:01:38,865 [localhost-startStop-1] INFO  [o.a.c.core.ContainerBase.[Tomcat].[localhost].[/]] DirectJDKLog.java:180 - Initializing Spring embedded WebApplicationContext
2018-09-21 09:01:38,865 [localhost-startStop-1] INFO  [org.springframework.web.context.ContextLoader] EmbeddedWebApplicationContext.java:276 - Root WebApplicationContext: initialization completed in 1124 ms
2018-09-21 09:01:39,576 [localhost-startStop-1] INFO  [o.s.boot.web.servlet.FilterRegistrationBean] AbstractFilterRegistrationBean.java:259 - Mapping filter: 'metricsFilter' to: [/*]
2018-09-21 09:01:39,576 [localhost-startStop-1] INFO  [o.s.boot.web.servlet.FilterRegistrationBean] AbstractFilterRegistrationBean.java:259 - Mapping filter: 'characterEncodingFilter' to: [/*]
2018-09-21 09:01:39,577 [localhost-startStop-1] INFO  [o.s.boot.web.servlet.FilterRegistrationBean] AbstractFilterRegistrationBean.java:259 - Mapping filter: 'hiddenHttpMethodFilter' to: [/*]
2018-09-21 09:01:39,577 [localhost-startStop-1] INFO  [o.s.boot.web.servlet.FilterRegistrationBean] AbstractFilterRegistrationBean.java:259 - Mapping filter: 'httpPutFormContentFilter' to: [/*]
2018-09-21 09:01:39,577 [localhost-startStop-1] INFO  [o.s.boot.web.servlet.FilterRegistrationBean] AbstractFilterRegistrationBean.java:259 - Mapping filter: 'requestContextFilter' to: [/*]
2018-09-21 09:01:39,578 [localhost-startStop-1] INFO  [o.s.b.w.s.DelegatingFilterProxyRegistrationBean] AbstractFilterRegistrationBean.java:259 - Mapping filter: 'springSecurityFilterChain' to: [/*]
2018-09-21 09:01:39,578 [localhost-startStop-1] INFO  [o.s.boot.web.servlet.FilterRegistrationBean] AbstractFilterRegistrationBean.java:259 - Mapping filter: 'webRequestTraceFilter' to: [/*]
2018-09-21 09:01:39,579 [localhost-startStop-1] INFO  [o.s.boot.web.servlet.FilterRegistrationBean] AbstractFilterRegistrationBean.java:272 - Mapping filter: 'servletContainer' to urls: [/eureka/*]
2018-09-21 09:01:39,579 [localhost-startStop-1] INFO  [o.s.boot.web.servlet.FilterRegistrationBean] AbstractFilterRegistrationBean.java:259 - Mapping filter: 'applicationContextIdFilter' to: [/*]
2018-09-21 09:01:39,579 [localhost-startStop-1] INFO  [o.s.boot.web.servlet.ServletRegistrationBean] ServletRegistrationBean.java:191 - Mapping servlet: 'dispatcherServlet' to [/]
2018-09-21 09:01:39,655 [localhost-startStop-1] INFO  [c.s.j.server.impl.application.WebApplicationImpl] WebApplicationImpl.java:815 - Initiating Jersey application, version 'Jersey: 1.19.1 03/11/2016 02:08 PM'
2018-09-21 09:01:39,720 [localhost-startStop-1] INFO  [c.n.discovery.provider.DiscoveryJerseyProvider] DiscoveryJerseyProvider.java:70 - Using JSON encoding codec LegacyJacksonJson
2018-09-21 09:01:39,721 [localhost-startStop-1] INFO  [c.n.discovery.provider.DiscoveryJerseyProvider] DiscoveryJerseyProvider.java:71 - Using JSON decoding codec LegacyJacksonJson
2018-09-21 09:01:39,827 [localhost-startStop-1] INFO  [c.n.discovery.provider.DiscoveryJerseyProvider] DiscoveryJerseyProvider.java:80 - Using XML encoding codec XStreamXml
2018-09-21 09:01:39,828 [localhost-startStop-1] INFO  [c.n.discovery.provider.DiscoveryJerseyProvider] DiscoveryJerseyProvider.java:81 - Using XML decoding codec XStreamXml
2018-09-21 09:01:40,133 [main] WARN  [com.netflix.config.sources.URLConfigurationSource] URLConfigurationSource.java:121 - No URLs will be polled as dynamic configuration sources.
2018-09-21 09:01:40,134 [main] INFO  [com.netflix.config.sources.URLConfigurationSource] URLConfigurationSource.java:122 - To enable URLs as dynamic configuration sources, define System property archaius.configurationSource.additionalUrls or make config.properties available on classpath.
2018-09-21 09:01:40,138 [main] WARN  [com.netflix.config.sources.URLConfigurationSource] URLConfigurationSource.java:121 - No URLs will be polled as dynamic configuration sources.
2018-09-21 09:01:40,138 [main] INFO  [com.netflix.config.sources.URLConfigurationSource] URLConfigurationSource.java:122 - To enable URLs as dynamic configuration sources, define System property archaius.configurationSource.additionalUrls or make config.properties available on classpath.
2018-09-21 09:01:40,333 [main] INFO  [o.s.w.s.m.m.a.RequestMappingHandlerAdapter] RequestMappingHandlerAdapter.java:534 - Looking for @ControllerAdvice: org.springframework.boot.context.embedded.AnnotationConfigEmbeddedWebApplicationContext@76a36b71: startup date [Fri Sep 21 09:01:37 CST 2018]; parent: org.springframework.context.annotation.AnnotationConfigApplicationContext@3c77d488
2018-09-21 09:01:40,398 [main] INFO  [o.s.w.s.m.m.a.RequestMappingHandlerMapping] AbstractHandlerMethodMapping.java:543 - Mapped "{[/error]}" onto public org.springframework.http.ResponseEntity<java.util.Map<java.lang.String, java.lang.Object>> org.springframework.boot.autoconfigure.web.BasicErrorController.error(javax.servlet.http.HttpServletRequest)
2018-09-21 09:01:40,398 [main] INFO  [o.s.w.s.m.m.a.RequestMappingHandlerMapping] AbstractHandlerMethodMapping.java:543 - Mapped "{[/error],produces=[text/html]}" onto public org.springframework.web.servlet.ModelAndView org.springframework.boot.autoconfigure.web.BasicErrorController.errorHtml(javax.servlet.http.HttpServletRequest,javax.servlet.http.HttpServletResponse)
2018-09-21 09:01:40,402 [main] INFO  [o.s.w.s.m.m.a.RequestMappingHandlerMapping] AbstractHandlerMethodMapping.java:543 - Mapped "{[/],methods=[GET]}" onto public java.lang.String org.springframework.cloud.netflix.eureka.server.EurekaController.status(javax.servlet.http.HttpServletRequest,java.util.Map<java.lang.String, java.lang.Object>)
2018-09-21 09:01:40,403 [main] INFO  [o.s.w.s.m.m.a.RequestMappingHandlerMapping] AbstractHandlerMethodMapping.java:543 - Mapped "{[/lastn],methods=[GET]}" onto public java.lang.String org.springframework.cloud.netflix.eureka.server.EurekaController.lastn(javax.servlet.http.HttpServletRequest,java.util.Map<java.lang.String, java.lang.Object>)
2018-09-21 09:01:40,427 [main] INFO  [o.s.web.servlet.handler.SimpleUrlHandlerMapping] AbstractUrlHandlerMapping.java:362 - Mapped URL path [/webjars/**] onto handler of type [class org.springframework.web.servlet.resource.ResourceHttpRequestHandler]
2018-09-21 09:01:40,427 [main] INFO  [o.s.web.servlet.handler.SimpleUrlHandlerMapping] AbstractUrlHandlerMapping.java:362 - Mapped URL path [/**] onto handler of type [class org.springframework.web.servlet.resource.ResourceHttpRequestHandler]
2018-09-21 09:01:40,458 [main] INFO  [o.s.web.servlet.handler.SimpleUrlHandlerMapping] AbstractUrlHandlerMapping.java:362 - Mapped URL path [/**/favicon.ico] onto handler of type [class org.springframework.web.servlet.resource.ResourceHttpRequestHandler]
2018-09-21 09:01:40,950 [main] INFO  [o.s.security.web.DefaultSecurityFilterChain] DefaultSecurityFilterChain.java:43 - Creating filter chain: OrRequestMatcher [requestMatchers=[Ant [pattern='/css/**'], Ant [pattern='/js/**'], Ant [pattern='/images/**'], Ant [pattern='/webjars/**'], Ant [pattern='/**/favicon.ico'], Ant [pattern='/error']]], []
2018-09-21 09:01:41,214 [main] INFO  [o.s.b.actuate.endpoint.mvc.EndpointHandlerMapping] AbstractHandlerMethodMapping.java:543 - Mapped "{[/mappings || /mappings.json],methods=[GET],produces=[application/vnd.spring-boot.actuator.v1+json || application/json]}" onto public java.lang.Object org.springframework.boot.actuate.endpoint.mvc.EndpointMvcAdapter.invoke()
2018-09-21 09:01:41,215 [main] INFO  [o.s.b.actuate.endpoint.mvc.EndpointHandlerMapping] AbstractHandlerMethodMapping.java:543 - Mapped "{[/health || /health.json],methods=[GET],produces=[application/vnd.spring-boot.actuator.v1+json || application/json]}" onto public java.lang.Object org.springframework.boot.actuate.endpoint.mvc.HealthMvcEndpoint.invoke(javax.servlet.http.HttpServletRequest,java.security.Principal)
2018-09-21 09:01:41,216 [main] INFO  [o.s.b.actuate.endpoint.mvc.EndpointHandlerMapping] AbstractHandlerMethodMapping.java:543 - Mapped "{[/refresh || /refresh.json],methods=[POST]}" onto public java.lang.Object org.springframework.cloud.endpoint.GenericPostableMvcEndpoint.invoke()
2018-09-21 09:01:41,216 [main] INFO  [o.s.b.actuate.endpoint.mvc.EndpointHandlerMapping] AbstractHandlerMethodMapping.java:543 - Mapped "{[/auditevents || /auditevents.json],methods=[GET],produces=[application/vnd.spring-boot.actuator.v1+json || application/json]}" onto public org.springframework.http.ResponseEntity<?> org.springframework.boot.actuate.endpoint.mvc.AuditEventsMvcEndpoint.findByPrincipalAndAfterAndType(java.lang.String,java.util.Date,java.lang.String)
2018-09-21 09:01:41,217 [main] INFO  [o.s.b.actuate.endpoint.mvc.EndpointHandlerMapping] AbstractHandlerMethodMapping.java:543 - Mapped "{[/configprops || /configprops.json],methods=[GET],produces=[application/vnd.spring-boot.actuator.v1+json || application/json]}" onto public java.lang.Object org.springframework.boot.actuate.endpoint.mvc.EndpointMvcAdapter.invoke()
2018-09-21 09:01:41,218 [main] INFO  [o.s.b.actuate.endpoint.mvc.EndpointHandlerMapping] AbstractHandlerMethodMapping.java:543 - Mapped "{[/env/{name:.*}],methods=[GET],produces=[application/vnd.spring-boot.actuator.v1+json || application/json]}" onto public java.lang.Object org.springframework.boot.actuate.endpoint.mvc.EnvironmentMvcEndpoint.value(java.lang.String)
2018-09-21 09:01:41,218 [main] INFO  [o.s.b.actuate.endpoint.mvc.EndpointHandlerMapping] AbstractHandlerMethodMapping.java:543 - Mapped "{[/env || /env.json],methods=[GET],produces=[application/vnd.spring-boot.actuator.v1+json || application/json]}" onto public java.lang.Object org.springframework.boot.actuate.endpoint.mvc.EndpointMvcAdapter.invoke()
2018-09-21 09:01:41,219 [main] INFO  [o.s.b.actuate.endpoint.mvc.EndpointHandlerMapping] AbstractHandlerMethodMapping.java:543 - Mapped "{[/archaius || /archaius.json],methods=[GET],produces=[application/vnd.spring-boot.actuator.v1+json || application/json]}" onto public java.lang.Object org.springframework.boot.actuate.endpoint.mvc.EndpointMvcAdapter.invoke()
2018-09-21 09:01:41,221 [main] INFO  [o.s.b.actuate.endpoint.mvc.EndpointHandlerMapping] AbstractHandlerMethodMapping.java:543 - Mapped "{[/features || /features.json],methods=[GET],produces=[application/vnd.spring-boot.actuator.v1+json || application/json]}" onto public java.lang.Object org.springframework.boot.actuate.endpoint.mvc.EndpointMvcAdapter.invoke()
2018-09-21 09:01:41,222 [main] INFO  [o.s.b.actuate.endpoint.mvc.EndpointHandlerMapping] AbstractHandlerMethodMapping.java:543 - Mapped "{[/trace || /trace.json],methods=[GET],produces=[application/vnd.spring-boot.actuator.v1+json || application/json]}" onto public java.lang.Object org.springframework.boot.actuate.endpoint.mvc.EndpointMvcAdapter.invoke()
2018-09-21 09:01:41,223 [main] INFO  [o.s.b.actuate.endpoint.mvc.EndpointHandlerMapping] AbstractHandlerMethodMapping.java:543 - Mapped "{[/beans || /beans.json],methods=[GET],produces=[application/vnd.spring-boot.actuator.v1+json || application/json]}" onto public java.lang.Object org.springframework.boot.actuate.endpoint.mvc.EndpointMvcAdapter.invoke()
2018-09-21 09:01:41,224 [main] INFO  [o.s.b.actuate.endpoint.mvc.EndpointHandlerMapping] AbstractHandlerMethodMapping.java:543 - Mapped "{[/heapdump || /heapdump.json],methods=[GET],produces=[application/octet-stream]}" onto public void org.springframework.boot.actuate.endpoint.mvc.HeapdumpMvcEndpoint.invoke(boolean,javax.servlet.http.HttpServletRequest,javax.servlet.http.HttpServletResponse) throws java.io.IOException,javax.servlet.ServletException
2018-09-21 09:01:41,225 [main] INFO  [o.s.b.actuate.endpoint.mvc.EndpointHandlerMapping] AbstractHandlerMethodMapping.java:543 - Mapped "{[/service-registry/instance-status],methods=[POST]}" onto public org.springframework.http.ResponseEntity<?> org.springframework.cloud.client.serviceregistry.endpoint.ServiceRegistryEndpoint.setStatus(java.lang.String)
2018-09-21 09:01:41,225 [main] INFO  [o.s.b.actuate.endpoint.mvc.EndpointHandlerMapping] AbstractHandlerMethodMapping.java:543 - Mapped "{[/service-registry/instance-status],methods=[GET]}" onto public org.springframework.http.ResponseEntity org.springframework.cloud.client.serviceregistry.endpoint.ServiceRegistryEndpoint.getStatus()
2018-09-21 09:01:41,226 [main] INFO  [o.s.b.actuate.endpoint.mvc.EndpointHandlerMapping] AbstractHandlerMethodMapping.java:543 - Mapped "{[/env],methods=[POST]}" onto public java.lang.Object org.springframework.cloud.context.environment.EnvironmentManagerMvcEndpoint.value(java.util.Map<java.lang.String, java.lang.String>)
2018-09-21 09:01:41,226 [main] INFO  [o.s.b.actuate.endpoint.mvc.EndpointHandlerMapping] AbstractHandlerMethodMapping.java:543 - Mapped "{[/env/reset],methods=[POST]}" onto public java.util.Map<java.lang.String, java.lang.Object> org.springframework.cloud.context.environment.EnvironmentManagerMvcEndpoint.reset()
2018-09-21 09:01:41,227 [main] INFO  [o.s.b.actuate.endpoint.mvc.EndpointHandlerMapping] AbstractHandlerMethodMapping.java:543 - Mapped "{[/autoconfig || /autoconfig.json],methods=[GET],produces=[application/vnd.spring-boot.actuator.v1+json || application/json]}" onto public java.lang.Object org.springframework.boot.actuate.endpoint.mvc.EndpointMvcAdapter.invoke()
2018-09-21 09:01:41,228 [main] INFO  [o.s.b.actuate.endpoint.mvc.EndpointHandlerMapping] AbstractHandlerMethodMapping.java:543 - Mapped "{[/metrics/{name:.*}],methods=[GET],produces=[application/vnd.spring-boot.actuator.v1+json || application/json]}" onto public java.lang.Object org.springframework.boot.actuate.endpoint.mvc.MetricsMvcEndpoint.value(java.lang.String)
2018-09-21 09:01:41,228 [main] INFO  [o.s.b.actuate.endpoint.mvc.EndpointHandlerMapping] AbstractHandlerMethodMapping.java:543 - Mapped "{[/metrics || /metrics.json],methods=[GET],produces=[application/vnd.spring-boot.actuator.v1+json || application/json]}" onto public java.lang.Object org.springframework.boot.actuate.endpoint.mvc.EndpointMvcAdapter.invoke()
2018-09-21 09:01:41,229 [main] INFO  [o.s.b.actuate.endpoint.mvc.EndpointHandlerMapping] AbstractHandlerMethodMapping.java:543 - Mapped "{[/info || /info.json],methods=[GET],produces=[application/vnd.spring-boot.actuator.v1+json || application/json]}" onto public java.lang.Object org.springframework.boot.actuate.endpoint.mvc.EndpointMvcAdapter.invoke()
2018-09-21 09:01:41,229 [main] INFO  [o.s.b.actuate.endpoint.mvc.EndpointHandlerMapping] AbstractHandlerMethodMapping.java:543 - Mapped "{[/dump || /dump.json],methods=[GET],produces=[application/vnd.spring-boot.actuator.v1+json || application/json]}" onto public java.lang.Object org.springframework.boot.actuate.endpoint.mvc.EndpointMvcAdapter.invoke()
2018-09-21 09:01:41,231 [main] INFO  [o.s.b.actuate.endpoint.mvc.EndpointHandlerMapping] AbstractHandlerMethodMapping.java:543 - Mapped "{[/loggers/{name:.*}],methods=[GET],produces=[application/vnd.spring-boot.actuator.v1+json || application/json]}" onto public java.lang.Object org.springframework.boot.actuate.endpoint.mvc.LoggersMvcEndpoint.get(java.lang.String)
2018-09-21 09:01:41,231 [main] INFO  [o.s.b.actuate.endpoint.mvc.EndpointHandlerMapping] AbstractHandlerMethodMapping.java:543 - Mapped "{[/loggers/{name:.*}],methods=[POST],consumes=[application/vnd.spring-boot.actuator.v1+json || application/json],produces=[application/vnd.spring-boot.actuator.v1+json || application/json]}" onto public java.lang.Object org.springframework.boot.actuate.endpoint.mvc.LoggersMvcEndpoint.set(java.lang.String,java.util.Map<java.lang.String, java.lang.String>)
2018-09-21 09:01:41,232 [main] INFO  [o.s.b.actuate.endpoint.mvc.EndpointHandlerMapping] AbstractHandlerMethodMapping.java:543 - Mapped "{[/loggers || /loggers.json],methods=[GET],produces=[application/vnd.spring-boot.actuator.v1+json || application/json]}" onto public java.lang.Object org.springframework.boot.actuate.endpoint.mvc.EndpointMvcAdapter.invoke()
2018-09-21 09:01:41,233 [main] INFO  [o.s.security.web.DefaultSecurityFilterChain] DefaultSecurityFilterChain.java:43 - Creating filter chain: org.springframework.boot.actuate.autoconfigure.ManagementWebSecurityAutoConfiguration$LazyEndpointPathRequestMatcher@1cd2ff5b, [org.springframework.security.web.context.request.async.WebAsyncManagerIntegrationFilter@38ac8968, org.springframework.security.web.context.SecurityContextPersistenceFilter@60dc1a4e, org.springframework.security.web.header.HeaderWriterFilter@f723cdb, org.springframework.web.filter.CorsFilter@17ff8810, org.springframework.security.web.authentication.logout.LogoutFilter@7742a45c, org.springframework.security.web.authentication.www.BasicAuthenticationFilter@60bf494c, org.springframework.security.web.savedrequest.RequestCacheAwareFilter@31efacad, org.springframework.security.web.servletapi.SecurityContextHolderAwareRequestFilter@5d124d29, org.springframework.security.web.authentication.AnonymousAuthenticationFilter@6c951ada, org.springframework.security.web.session.SessionManagementFilter@2f95653f, org.springframework.security.web.access.ExceptionTranslationFilter@149274cb, org.springframework.security.web.access.intercept.FilterSecurityInterceptor@7c1503a3]
2018-09-21 09:01:41,235 [main] INFO  [o.s.security.web.DefaultSecurityFilterChain] DefaultSecurityFilterChain.java:43 - Creating filter chain: OrRequestMatcher [requestMatchers=[Ant [pattern='/**']]], [org.springframework.security.web.context.request.async.WebAsyncManagerIntegrationFilter@16d431b4, org.springframework.security.web.context.SecurityContextPersistenceFilter@5c8d58ed, org.springframework.security.web.header.HeaderWriterFilter@691567ea, org.springframework.security.web.authentication.logout.LogoutFilter@26f0141, org.springframework.security.web.authentication.www.BasicAuthenticationFilter@34136bd1, org.springframework.security.web.savedrequest.RequestCacheAwareFilter@6a567f7b, org.springframework.security.web.servletapi.SecurityContextHolderAwareRequestFilter@28be7fec, org.springframework.security.web.authentication.AnonymousAuthenticationFilter@6c0b51da, org.springframework.security.web.session.SessionManagementFilter@5cfed0ba, org.springframework.security.web.access.ExceptionTranslationFilter@de77146, org.springframework.security.web.access.intercept.FilterSecurityInterceptor@1788cb61]
2018-09-21 09:01:41,422 [main] INFO  [o.s.ui.freemarker.SpringTemplateLoader] SpringTemplateLoader.java:61 - SpringTemplateLoader for FreeMarker: using resource loader [org.springframework.boot.context.embedded.AnnotationConfigEmbeddedWebApplicationContext@76a36b71: startup date [Fri Sep 21 09:01:37 CST 2018]; parent: org.springframework.context.annotation.AnnotationConfigApplicationContext@3c77d488] and template loader path [classpath:/templates/]
2018-09-21 09:01:41,423 [main] INFO  [o.s.w.servlet.view.freemarker.FreeMarkerConfigurer] FreeMarkerConfigurer.java:127 - ClassTemplateLoader for Spring macros added to FreeMarker configuration
2018-09-21 09:01:41,546 [main] INFO  [o.s.cloud.netflix.eureka.InstanceInfoFactory] InstanceInfoFactory.java:71 - Setting initial instance status as: STARTING
2018-09-21 09:01:41,574 [main] INFO  [com.netflix.discovery.DiscoveryClient] DiscoveryClient.java:347 - Initializing Eureka in region us-east-1
2018-09-21 09:01:41,574 [main] INFO  [com.netflix.discovery.DiscoveryClient] DiscoveryClient.java:350 - Client configured to neither register nor query for data.
2018-09-21 09:01:41,583 [main] INFO  [com.netflix.discovery.DiscoveryClient] DiscoveryClient.java:363 - Discovery Client initialized at timestamp 1537491701582 with initial instances count: 0
2018-09-21 09:01:41,624 [main] INFO  [com.netflix.eureka.DefaultEurekaServerContext] DefaultEurekaServerContext.java:63 - Initializing ...
2018-09-21 09:01:41,625 [main] WARN  [com.netflix.eureka.cluster.PeerEurekaNodes] PeerEurekaNodes.java:156 - The replica size seems to be empty. Check the route 53 DNS Registry
2018-09-21 09:01:41,639 [main] INFO  [c.netflix.eureka.registry.AbstractInstanceRegistry] AbstractInstanceRegistry.java:152 - Finished initializing remote region registries. All known remote regions: []
2018-09-21 09:01:41,640 [main] INFO  [com.netflix.eureka.DefaultEurekaServerContext] DefaultEurekaServerContext.java:66 - Initialized
2018-09-21 09:01:41,651 [main] WARN  [o.s.c.s.e.s.EurekaServerStarterDeprecationWarningAutoConfiguration] EurekaServerStarterDeprecationWarningAutoConfiguration.java:19 - spring-cloud-starter-eureka-server is deprecated as of Spring Cloud Netflix 1.4.0, please migrate to spring-cloud-starter-netflix-eureka-server
2018-09-21 09:01:41,697 [main] INFO  [o.s.jmx.export.annotation.AnnotationMBeanExporter] MBeanExporter.java:431 - Registering beans for JMX exposure on startup
2018-09-21 09:01:41,704 [main] INFO  [o.s.jmx.export.annotation.AnnotationMBeanExporter] MBeanExporter.java:918 - Bean with name 'configurationPropertiesRebinder' has been autodetected for JMX exposure
2018-09-21 09:01:41,705 [main] INFO  [o.s.jmx.export.annotation.AnnotationMBeanExporter] MBeanExporter.java:918 - Bean with name 'refreshEndpoint' has been autodetected for JMX exposure
2018-09-21 09:01:41,705 [main] INFO  [o.s.jmx.export.annotation.AnnotationMBeanExporter] MBeanExporter.java:918 - Bean with name 'environmentManager' has been autodetected for JMX exposure
2018-09-21 09:01:41,706 [main] INFO  [o.s.jmx.export.annotation.AnnotationMBeanExporter] MBeanExporter.java:918 - Bean with name 'serviceRegistryEndpoint' has been autodetected for JMX exposure
2018-09-21 09:01:41,706 [main] INFO  [o.s.jmx.export.annotation.AnnotationMBeanExporter] MBeanExporter.java:918 - Bean with name 'refreshScope' has been autodetected for JMX exposure
2018-09-21 09:01:41,708 [main] INFO  [o.s.jmx.export.annotation.AnnotationMBeanExporter] MBeanExporter.java:679 - Located managed bean 'environmentManager': registering with JMX server as MBean [org.springframework.cloud.context.environment:name=environmentManager,type=EnvironmentManager]
2018-09-21 09:01:41,718 [main] INFO  [o.s.jmx.export.annotation.AnnotationMBeanExporter] MBeanExporter.java:679 - Located managed bean 'serviceRegistryEndpoint': registering with JMX server as MBean [org.springframework.cloud.client.serviceregistry.endpoint:name=serviceRegistryEndpoint,type=ServiceRegistryEndpoint]
2018-09-21 09:01:41,724 [main] INFO  [o.s.jmx.export.annotation.AnnotationMBeanExporter] MBeanExporter.java:679 - Located managed bean 'refreshScope': registering with JMX server as MBean [org.springframework.cloud.context.scope.refresh:name=refreshScope,type=RefreshScope]
2018-09-21 09:01:41,730 [main] INFO  [o.s.jmx.export.annotation.AnnotationMBeanExporter] MBeanExporter.java:679 - Located managed bean 'configurationPropertiesRebinder': registering with JMX server as MBean [org.springframework.cloud.context.properties:name=configurationPropertiesRebinder,context=76a36b71,type=ConfigurationPropertiesRebinder]
2018-09-21 09:01:41,735 [main] INFO  [o.s.jmx.export.annotation.AnnotationMBeanExporter] MBeanExporter.java:679 - Located managed bean 'refreshEndpoint': registering with JMX server as MBean [org.springframework.cloud.endpoint:name=refreshEndpoint,type=RefreshEndpoint]
2018-09-21 09:01:41,737 [main] INFO  [o.s.b.actuate.endpoint.jmx.EndpointMBeanExporter] MBeanExporter.java:431 - Registering beans for JMX exposure on startup
2018-09-21 09:01:41,747 [main] INFO  [o.s.context.support.DefaultLifecycleProcessor] DefaultLifecycleProcessor.java:341 - Starting beans in phase 0
2018-09-21 09:01:41,752 [main] INFO  [o.s.c.n.e.serviceregistry.EurekaServiceRegistry] EurekaServiceRegistry.java:40 - Registering application pig-eureka-server with eureka with status UP
2018-09-21 09:01:41,756 [main] INFO  [o.s.b.actuate.endpoint.jmx.EndpointMBeanExporter] MBeanExporter.java:679 - Located managed bean 'auditEventsEndpoint': registering with JMX server as MBean [org.springframework.boot:type=Endpoint,name=auditEventsEndpoint]
2018-09-21 09:01:41,759 [main] INFO  [o.s.b.actuate.endpoint.jmx.EndpointMBeanExporter] MBeanExporter.java:679 - Located managed bean 'archaiusEndpoint': registering with JMX server as MBean [org.springframework.boot:type=Endpoint,name=archaiusEndpoint]
2018-09-21 09:01:41,764 [main] INFO  [o.s.b.actuate.endpoint.jmx.EndpointMBeanExporter] MBeanExporter.java:679 - Located managed bean 'featuresEndpoint': registering with JMX server as MBean [org.springframework.boot:type=Endpoint,name=featuresEndpoint]
2018-09-21 09:01:41,766 [main] INFO  [o.s.b.actuate.endpoint.jmx.EndpointMBeanExporter] MBeanExporter.java:679 - Located managed bean 'requestMappingEndpoint': registering with JMX server as MBean [org.springframework.boot:type=Endpoint,name=requestMappingEndpoint]
2018-09-21 09:01:41,769 [main] INFO  [o.s.b.actuate.endpoint.jmx.EndpointMBeanExporter] MBeanExporter.java:679 - Located managed bean 'environmentEndpoint': registering with JMX server as MBean [org.springframework.boot:type=Endpoint,name=environmentEndpoint]
2018-09-21 09:01:41,771 [main] INFO  [o.s.b.actuate.endpoint.jmx.EndpointMBeanExporter] MBeanExporter.java:679 - Located managed bean 'healthEndpoint': registering with JMX server as MBean [org.springframework.boot:type=Endpoint,name=healthEndpoint]
2018-09-21 09:01:41,773 [main] INFO  [o.s.b.actuate.endpoint.jmx.EndpointMBeanExporter] MBeanExporter.java:679 - Located managed bean 'beansEndpoint': registering with JMX server as MBean [org.springframework.boot:type=Endpoint,name=beansEndpoint]
2018-09-21 09:01:41,775 [main] INFO  [o.s.b.actuate.endpoint.jmx.EndpointMBeanExporter] MBeanExporter.java:679 - Located managed bean 'infoEndpoint': registering with JMX server as MBean [org.springframework.boot:type=Endpoint,name=infoEndpoint]
2018-09-21 09:01:41,777 [main] INFO  [o.s.b.actuate.endpoint.jmx.EndpointMBeanExporter] MBeanExporter.java:679 - Located managed bean 'loggersEndpoint': registering with JMX server as MBean [org.springframework.boot:type=Endpoint,name=loggersEndpoint]
2018-09-21 09:01:41,780 [main] INFO  [o.s.b.actuate.endpoint.jmx.EndpointMBeanExporter] MBeanExporter.java:679 - Located managed bean 'metricsEndpoint': registering with JMX server as MBean [org.springframework.boot:type=Endpoint,name=metricsEndpoint]
2018-09-21 09:01:41,781 [main] INFO  [o.s.b.actuate.endpoint.jmx.EndpointMBeanExporter] MBeanExporter.java:679 - Located managed bean 'traceEndpoint': registering with JMX server as MBean [org.springframework.boot:type=Endpoint,name=traceEndpoint]
2018-09-21 09:01:41,782 [main] INFO  [o.s.b.actuate.endpoint.jmx.EndpointMBeanExporter] MBeanExporter.java:679 - Located managed bean 'dumpEndpoint': registering with JMX server as MBean [org.springframework.boot:type=Endpoint,name=dumpEndpoint]
2018-09-21 09:01:41,784 [main] INFO  [o.s.b.actuate.endpoint.jmx.EndpointMBeanExporter] MBeanExporter.java:679 - Located managed bean 'autoConfigurationReportEndpoint': registering with JMX server as MBean [org.springframework.boot:type=Endpoint,name=autoConfigurationReportEndpoint]
2018-09-21 09:01:41,785 [main] INFO  [o.s.b.actuate.endpoint.jmx.EndpointMBeanExporter] MBeanExporter.java:679 - Located managed bean 'configurationPropertiesReportEndpoint': registering with JMX server as MBean [org.springframework.boot:type=Endpoint,name=configurationPropertiesReportEndpoint]
2018-09-21 09:01:41,787 [Thread-11] INFO  [o.s.c.netflix.eureka.server.EurekaServerBootstrap] EurekaServerBootstrap.java:109 - Setting the eureka configuration..
2018-09-21 09:01:41,788 [Thread-11] INFO  [o.s.c.netflix.eureka.server.EurekaServerBootstrap] EurekaServerBootstrap.java:114 - Eureka data center value eureka.datacenter is not set, defaulting to default
2018-09-21 09:01:41,788 [Thread-11] INFO  [o.s.c.netflix.eureka.server.EurekaServerBootstrap] EurekaServerBootstrap.java:128 - Eureka environment value eureka.environment is not set, defaulting to test
2018-09-21 09:01:41,805 [Thread-11] INFO  [o.s.c.netflix.eureka.server.EurekaServerBootstrap] EurekaServerBootstrap.java:184 - isAws returned false
2018-09-21 09:01:41,805 [main] INFO  [org.apache.coyote.http11.Http11NioProtocol] DirectJDKLog.java:180 - Starting ProtocolHandler ["http-nio-1025"]
2018-09-21 09:01:41,806 [Thread-11] INFO  [o.s.c.netflix.eureka.server.EurekaServerBootstrap] EurekaServerBootstrap.java:152 - Initialized server context
2018-09-21 09:01:41,806 [Thread-11] INFO  [c.n.eureka.registry.PeerAwareInstanceRegistryImpl] PeerAwareInstanceRegistryImpl.java:242 - Got 1 instances from neighboring DS node
2018-09-21 09:01:41,806 [Thread-11] INFO  [c.n.eureka.registry.PeerAwareInstanceRegistryImpl] PeerAwareInstanceRegistryImpl.java:243 - Renew threshold is: 1
2018-09-21 09:01:41,809 [Thread-11] INFO  [c.n.eureka.registry.PeerAwareInstanceRegistryImpl] PeerAwareInstanceRegistryImpl.java:254 - Changing status to UP
2018-09-21 09:01:41,817 [main] INFO  [org.apache.tomcat.util.net.NioSelectorPool] DirectJDKLog.java:180 - Using a shared selector for servlet write/read
2018-09-21 09:01:41,820 [Thread-11] INFO  [o.s.c.n.e.s.EurekaServerInitializerConfiguration] EurekaServerInitializerConfiguration.java:72 - Started Eureka Server
2018-09-21 09:01:41,829 [main] INFO  [o.s.b.c.e.tomcat.TomcatEmbeddedServletContainer] TomcatEmbeddedServletContainer.java:216 - Tomcat started on port(s): 1025 (http)
2018-09-21 09:01:41,830 [main] INFO  [o.s.c.n.e.s.EurekaAutoServiceRegistration] EurekaAutoServiceRegistration.java:124 - Updating port to 1025
2018-09-21 09:01:41,832 [main] INFO  [com.github.rain.eureka.RainEurekaApplication] StartupInfoLogger.java:57 - Started RainEurekaApplication in 6.131 seconds (JVM running for 6.792)
2018-09-21 09:01:46,813 [Eureka-EvictionTimer] INFO  [c.netflix.eureka.registry.AbstractInstanceRegistry] AbstractInstanceRegistry.java:1255 - Running the evict task with compensationTime 0ms
2018-09-21 09:01:48,056 [RMI TCP Connection(2)-127.0.0.1] INFO  [o.s.b.a.SpringApplicationAdminMXBeanRegistrar$SpringApplicationAdmin] SpringApplicationAdminMXBeanRegistrar.java:125 - Application shutdown requested.
2018-09-21 09:01:48,056 [RMI TCP Connection(2)-127.0.0.1] INFO  [o.s.b.c.e.AnnotationConfigEmbeddedWebApplicationContext] AbstractApplicationContext.java:984 - Closing org.springframework.boot.context.embedded.AnnotationConfigEmbeddedWebApplicationContext@76a36b71: startup date [Fri Sep 21 09:01:37 CST 2018]; parent: org.springframework.context.annotation.AnnotationConfigApplicationContext@3c77d488
2018-09-21 09:01:48,057 [RMI TCP Connection(2)-127.0.0.1] INFO  [o.s.c.n.e.serviceregistry.EurekaServiceRegistry] EurekaServiceRegistry.java:64 - Unregistering application pig-eureka-server with eureka with status DOWN
2018-09-21 09:01:48,058 [RMI TCP Connection(2)-127.0.0.1] INFO  [o.s.context.support.DefaultLifecycleProcessor] DefaultLifecycleProcessor.java:356 - Stopping beans in phase 0
2018-09-21 09:01:48,059 [RMI TCP Connection(2)-127.0.0.1] INFO  [com.netflix.eureka.DefaultEurekaServerContext] DefaultEurekaServerContext.java:72 - Shutting down ...
2018-09-21 09:01:48,064 [RMI TCP Connection(2)-127.0.0.1] INFO  [com.netflix.eureka.DefaultEurekaServerContext] DefaultEurekaServerContext.java:75 - Shut down
2018-09-21 09:01:48,065 [RMI TCP Connection(2)-127.0.0.1] INFO  [o.s.b.actuate.endpoint.jmx.EndpointMBeanExporter] MBeanExporter.java:449 - Unregistering JMX-exposed beans on shutdown
2018-09-21 09:01:48,066 [RMI TCP Connection(2)-127.0.0.1] INFO  [o.s.b.actuate.endpoint.jmx.EndpointMBeanExporter] MBeanRegistrationSupport.java:241 - Unregistering JMX-exposed beans
2018-09-21 09:01:48,066 [RMI TCP Connection(2)-127.0.0.1] INFO  [o.s.jmx.export.annotation.AnnotationMBeanExporter] MBeanExporter.java:449 - Unregistering JMX-exposed beans on shutdown
2018-09-21 09:01:48,067 [RMI TCP Connection(2)-127.0.0.1] INFO  [o.s.jmx.export.annotation.AnnotationMBeanExporter] MBeanRegistrationSupport.java:241 - Unregistering JMX-exposed beans
2018-09-21 09:01:48,070 [RMI TCP Connection(2)-127.0.0.1] INFO  [com.netflix.discovery.DiscoveryClient] DiscoveryClient.java:866 - Shutting down DiscoveryClient ...
2018-09-21 09:01:48,070 [RMI TCP Connection(2)-127.0.0.1] INFO  [com.netflix.discovery.DiscoveryClient] DiscoveryClient.java:887 - Completed shut down of DiscoveryClient
2018-09-21 09:01:48,071 [RMI TCP Connection(2)-127.0.0.1] INFO  [org.apache.coyote.http11.Http11NioProtocol] DirectJDKLog.java:180 - Pausing ProtocolHandler ["http-nio-1025"]
2018-09-21 09:01:48,153 [RMI TCP Connection(2)-127.0.0.1] INFO  [org.apache.catalina.core.StandardService] DirectJDKLog.java:180 - Stopping service [Tomcat]
2018-09-21 09:01:48,158 [RMI TCP Connection(2)-127.0.0.1] INFO  [org.apache.coyote.http11.Http11NioProtocol] DirectJDKLog.java:180 - Stopping ProtocolHandler ["http-nio-1025"]
2018-09-21 09:01:48,171 [RMI TCP Connection(2)-127.0.0.1] INFO  [org.apache.coyote.http11.Http11NioProtocol] DirectJDKLog.java:180 - Destroying ProtocolHandler ["http-nio-1025"]
2018-09-21 09:14:26,750 [main] INFO  [o.s.c.a.AnnotationConfigApplicationContext] AbstractApplicationContext.java:583 - Refreshing org.springframework.context.annotation.AnnotationConfigApplicationContext@3c77d488: startup date [Fri Sep 21 09:14:26 CST 2018]; root of context hierarchy
2018-09-21 09:14:26,981 [main] INFO  [o.s.b.f.a.AutowiredAnnotationBeanPostProcessor] AutowiredAnnotationBeanPostProcessor.java:155 - JSR-330 'javax.inject.Inject' annotation found and supported for autowiring
2018-09-21 09:14:26,987 [background-preinit] INFO  [org.hibernate.validator.internal.util.Version] Version.java:30 - HV000001: Hibernate Validator 5.4.1.Final
2018-09-21 09:14:27,002 [main] INFO  [o.s.c.s.PostProcessorRegistrationDelegate$BeanPostProcessorChecker] PostProcessorRegistrationDelegate.java:327 - Bean 'configurationPropertiesRebinderAutoConfiguration' of type [org.springframework.cloud.autoconfigure.ConfigurationPropertiesRebinderAutoConfiguration$$EnhancerBySpringCGLIB$$dd2c8435] is not eligible for getting processed by all BeanPostProcessors (for example: not eligible for auto-proxying)
2018-09-21 09:14:27,266 [main] INFO  [o.s.c.c.client.ConfigServicePropertySourceLocator] ConfigServicePropertySourceLocator.java:82 - Fetching config from server at: http://localhost:8888
2018-09-21 09:14:28,330 [main] WARN  [o.s.c.c.client.ConfigServicePropertySourceLocator] ConfigServicePropertySourceLocator.java:136 - Could not locate PropertySource: I/O error on GET request for "http://localhost:8888/pig-eureka-server/default": Connection refused: connect; nested exception is java.net.ConnectException: Connection refused: connect
2018-09-21 09:14:28,331 [main] INFO  [com.github.rain.eureka.RainEurekaApplication] SpringApplication.java:593 - No active profile set, falling back to default profiles: default
2018-09-21 09:14:28,341 [main] INFO  [o.s.b.c.e.AnnotationConfigEmbeddedWebApplicationContext] AbstractApplicationContext.java:583 - Refreshing org.springframework.boot.context.embedded.AnnotationConfigEmbeddedWebApplicationContext@f9d87b: startup date [Fri Sep 21 09:14:28 CST 2018]; parent: org.springframework.context.annotation.AnnotationConfigApplicationContext@3c77d488
2018-09-21 09:14:28,998 [main] INFO  [o.springframework.cloud.context.scope.GenericScope] GenericScope.java:289 - BeanFactory id=604bef54-d147-3633-a108-a34a9609add2
2018-09-21 09:14:29,007 [main] INFO  [o.s.b.f.a.AutowiredAnnotationBeanPostProcessor] AutowiredAnnotationBeanPostProcessor.java:155 - JSR-330 'javax.inject.Inject' annotation found and supported for autowiring
2018-09-21 09:14:29,042 [main] INFO  [o.s.c.s.PostProcessorRegistrationDelegate$BeanPostProcessorChecker] PostProcessorRegistrationDelegate.java:327 - Bean 'org.springframework.cloud.autoconfigure.ConfigurationPropertiesRebinderAutoConfiguration' of type [org.springframework.cloud.autoconfigure.ConfigurationPropertiesRebinderAutoConfiguration$$EnhancerBySpringCGLIB$$dd2c8435] is not eligible for getting processed by all BeanPostProcessors (for example: not eligible for auto-proxying)
2018-09-21 09:14:29,280 [main] INFO  [o.s.b.c.e.tomcat.TomcatEmbeddedServletContainer] TomcatEmbeddedServletContainer.java:92 - Tomcat initialized with port(s): 1025 (http)
2018-09-21 09:14:29,291 [main] INFO  [org.apache.coyote.http11.Http11NioProtocol] DirectJDKLog.java:180 - Initializing ProtocolHandler ["http-nio-1025"]
2018-09-21 09:14:29,299 [main] INFO  [org.apache.catalina.core.StandardService] DirectJDKLog.java:180 - Starting service [Tomcat]
2018-09-21 09:14:29,300 [main] INFO  [org.apache.catalina.core.StandardEngine] DirectJDKLog.java:180 - Starting Servlet Engine: Apache Tomcat/8.5.32
2018-09-21 09:14:29,472 [localhost-startStop-1] INFO  [o.a.c.core.ContainerBase.[Tomcat].[localhost].[/]] DirectJDKLog.java:180 - Initializing Spring embedded WebApplicationContext
2018-09-21 09:14:29,472 [localhost-startStop-1] INFO  [org.springframework.web.context.ContextLoader] EmbeddedWebApplicationContext.java:276 - Root WebApplicationContext: initialization completed in 1131 ms
2018-09-21 09:14:30,168 [localhost-startStop-1] INFO  [o.s.boot.web.servlet.FilterRegistrationBean] AbstractFilterRegistrationBean.java:259 - Mapping filter: 'metricsFilter' to: [/*]
2018-09-21 09:14:30,168 [localhost-startStop-1] INFO  [o.s.boot.web.servlet.FilterRegistrationBean] AbstractFilterRegistrationBean.java:259 - Mapping filter: 'characterEncodingFilter' to: [/*]
2018-09-21 09:14:30,168 [localhost-startStop-1] INFO  [o.s.boot.web.servlet.FilterRegistrationBean] AbstractFilterRegistrationBean.java:259 - Mapping filter: 'hiddenHttpMethodFilter' to: [/*]
2018-09-21 09:14:30,169 [localhost-startStop-1] INFO  [o.s.boot.web.servlet.FilterRegistrationBean] AbstractFilterRegistrationBean.java:259 - Mapping filter: 'httpPutFormContentFilter' to: [/*]
2018-09-21 09:14:30,169 [localhost-startStop-1] INFO  [o.s.boot.web.servlet.FilterRegistrationBean] AbstractFilterRegistrationBean.java:259 - Mapping filter: 'requestContextFilter' to: [/*]
2018-09-21 09:14:30,170 [localhost-startStop-1] INFO  [o.s.b.w.s.DelegatingFilterProxyRegistrationBean] AbstractFilterRegistrationBean.java:259 - Mapping filter: 'springSecurityFilterChain' to: [/*]
2018-09-21 09:14:30,170 [localhost-startStop-1] INFO  [o.s.boot.web.servlet.FilterRegistrationBean] AbstractFilterRegistrationBean.java:259 - Mapping filter: 'webRequestTraceFilter' to: [/*]
2018-09-21 09:14:30,170 [localhost-startStop-1] INFO  [o.s.boot.web.servlet.FilterRegistrationBean] AbstractFilterRegistrationBean.java:272 - Mapping filter: 'servletContainer' to urls: [/eureka/*]
2018-09-21 09:14:30,170 [localhost-startStop-1] INFO  [o.s.boot.web.servlet.FilterRegistrationBean] AbstractFilterRegistrationBean.java:259 - Mapping filter: 'applicationContextIdFilter' to: [/*]
2018-09-21 09:14:30,170 [localhost-startStop-1] INFO  [o.s.boot.web.servlet.ServletRegistrationBean] ServletRegistrationBean.java:191 - Mapping servlet: 'dispatcherServlet' to [/]
2018-09-21 09:14:30,239 [localhost-startStop-1] INFO  [c.s.j.server.impl.application.WebApplicationImpl] WebApplicationImpl.java:815 - Initiating Jersey application, version 'Jersey: 1.19.1 03/11/2016 02:08 PM'
2018-09-21 09:14:30,292 [localhost-startStop-1] INFO  [c.n.discovery.provider.DiscoveryJerseyProvider] DiscoveryJerseyProvider.java:70 - Using JSON encoding codec LegacyJacksonJson
2018-09-21 09:14:30,292 [localhost-startStop-1] INFO  [c.n.discovery.provider.DiscoveryJerseyProvider] DiscoveryJerseyProvider.java:71 - Using JSON decoding codec LegacyJacksonJson
2018-09-21 09:14:30,381 [localhost-startStop-1] INFO  [c.n.discovery.provider.DiscoveryJerseyProvider] DiscoveryJerseyProvider.java:80 - Using XML encoding codec XStreamXml
2018-09-21 09:14:30,382 [localhost-startStop-1] INFO  [c.n.discovery.provider.DiscoveryJerseyProvider] DiscoveryJerseyProvider.java:81 - Using XML decoding codec XStreamXml
2018-09-21 09:14:30,713 [main] WARN  [com.netflix.config.sources.URLConfigurationSource] URLConfigurationSource.java:121 - No URLs will be polled as dynamic configuration sources.
2018-09-21 09:14:30,713 [main] INFO  [com.netflix.config.sources.URLConfigurationSource] URLConfigurationSource.java:122 - To enable URLs as dynamic configuration sources, define System property archaius.configurationSource.additionalUrls or make config.properties available on classpath.
2018-09-21 09:14:30,720 [main] WARN  [com.netflix.config.sources.URLConfigurationSource] URLConfigurationSource.java:121 - No URLs will be polled as dynamic configuration sources.
2018-09-21 09:14:30,720 [main] INFO  [com.netflix.config.sources.URLConfigurationSource] URLConfigurationSource.java:122 - To enable URLs as dynamic configuration sources, define System property archaius.configurationSource.additionalUrls or make config.properties available on classpath.
2018-09-21 09:14:30,930 [main] INFO  [o.s.w.s.m.m.a.RequestMappingHandlerAdapter] RequestMappingHandlerAdapter.java:534 - Looking for @ControllerAdvice: org.springframework.boot.context.embedded.AnnotationConfigEmbeddedWebApplicationContext@f9d87b: startup date [Fri Sep 21 09:14:28 CST 2018]; parent: org.springframework.context.annotation.AnnotationConfigApplicationContext@3c77d488
2018-09-21 09:14:30,989 [main] INFO  [o.s.w.s.m.m.a.RequestMappingHandlerMapping] AbstractHandlerMethodMapping.java:543 - Mapped "{[/error]}" onto public org.springframework.http.ResponseEntity<java.util.Map<java.lang.String, java.lang.Object>> org.springframework.boot.autoconfigure.web.BasicErrorController.error(javax.servlet.http.HttpServletRequest)
2018-09-21 09:14:30,990 [main] INFO  [o.s.w.s.m.m.a.RequestMappingHandlerMapping] AbstractHandlerMethodMapping.java:543 - Mapped "{[/error],produces=[text/html]}" onto public org.springframework.web.servlet.ModelAndView org.springframework.boot.autoconfigure.web.BasicErrorController.errorHtml(javax.servlet.http.HttpServletRequest,javax.servlet.http.HttpServletResponse)
2018-09-21 09:14:30,994 [main] INFO  [o.s.w.s.m.m.a.RequestMappingHandlerMapping] AbstractHandlerMethodMapping.java:543 - Mapped "{[/],methods=[GET]}" onto public java.lang.String org.springframework.cloud.netflix.eureka.server.EurekaController.status(javax.servlet.http.HttpServletRequest,java.util.Map<java.lang.String, java.lang.Object>)
2018-09-21 09:14:30,995 [main] INFO  [o.s.w.s.m.m.a.RequestMappingHandlerMapping] AbstractHandlerMethodMapping.java:543 - Mapped "{[/lastn],methods=[GET]}" onto public java.lang.String org.springframework.cloud.netflix.eureka.server.EurekaController.lastn(javax.servlet.http.HttpServletRequest,java.util.Map<java.lang.String, java.lang.Object>)
2018-09-21 09:14:31,019 [main] INFO  [o.s.web.servlet.handler.SimpleUrlHandlerMapping] AbstractUrlHandlerMapping.java:362 - Mapped URL path [/webjars/**] onto handler of type [class org.springframework.web.servlet.resource.ResourceHttpRequestHandler]
2018-09-21 09:14:31,019 [main] INFO  [o.s.web.servlet.handler.SimpleUrlHandlerMapping] AbstractUrlHandlerMapping.java:362 - Mapped URL path [/**] onto handler of type [class org.springframework.web.servlet.resource.ResourceHttpRequestHandler]
2018-09-21 09:14:31,057 [main] INFO  [o.s.web.servlet.handler.SimpleUrlHandlerMapping] AbstractUrlHandlerMapping.java:362 - Mapped URL path [/**/favicon.ico] onto handler of type [class org.springframework.web.servlet.resource.ResourceHttpRequestHandler]
2018-09-21 09:14:31,569 [main] INFO  [o.s.security.web.DefaultSecurityFilterChain] DefaultSecurityFilterChain.java:43 - Creating filter chain: OrRequestMatcher [requestMatchers=[Ant [pattern='/css/**'], Ant [pattern='/js/**'], Ant [pattern='/images/**'], Ant [pattern='/webjars/**'], Ant [pattern='/**/favicon.ico'], Ant [pattern='/error']]], []
2018-09-21 09:14:31,844 [main] INFO  [o.s.b.actuate.endpoint.mvc.EndpointHandlerMapping] AbstractHandlerMethodMapping.java:543 - Mapped "{[/env],methods=[POST]}" onto public java.lang.Object org.springframework.cloud.context.environment.EnvironmentManagerMvcEndpoint.value(java.util.Map<java.lang.String, java.lang.String>)
2018-09-21 09:14:31,845 [main] INFO  [o.s.b.actuate.endpoint.mvc.EndpointHandlerMapping] AbstractHandlerMethodMapping.java:543 - Mapped "{[/env/reset],methods=[POST]}" onto public java.util.Map<java.lang.String, java.lang.Object> org.springframework.cloud.context.environment.EnvironmentManagerMvcEndpoint.reset()
2018-09-21 09:14:31,846 [main] INFO  [o.s.b.actuate.endpoint.mvc.EndpointHandlerMapping] AbstractHandlerMethodMapping.java:543 - Mapped "{[/env/{name:.*}],methods=[GET],produces=[application/vnd.spring-boot.actuator.v1+json || application/json]}" onto public java.lang.Object org.springframework.boot.actuate.endpoint.mvc.EnvironmentMvcEndpoint.value(java.lang.String)
2018-09-21 09:14:31,846 [main] INFO  [o.s.b.actuate.endpoint.mvc.EndpointHandlerMapping] AbstractHandlerMethodMapping.java:543 - Mapped "{[/env || /env.json],methods=[GET],produces=[application/vnd.spring-boot.actuator.v1+json || application/json]}" onto public java.lang.Object org.springframework.boot.actuate.endpoint.mvc.EndpointMvcAdapter.invoke()
2018-09-21 09:14:31,847 [main] INFO  [o.s.b.actuate.endpoint.mvc.EndpointHandlerMapping] AbstractHandlerMethodMapping.java:543 - Mapped "{[/features || /features.json],methods=[GET],produces=[application/vnd.spring-boot.actuator.v1+json || application/json]}" onto public java.lang.Object org.springframework.boot.actuate.endpoint.mvc.EndpointMvcAdapter.invoke()
2018-09-21 09:14:31,849 [main] INFO  [o.s.b.actuate.endpoint.mvc.EndpointHandlerMapping] AbstractHandlerMethodMapping.java:543 - Mapped "{[/metrics/{name:.*}],methods=[GET],produces=[application/vnd.spring-boot.actuator.v1+json || application/json]}" onto public java.lang.Object org.springframework.boot.actuate.endpoint.mvc.MetricsMvcEndpoint.value(java.lang.String)
2018-09-21 09:14:31,849 [main] INFO  [o.s.b.actuate.endpoint.mvc.EndpointHandlerMapping] AbstractHandlerMethodMapping.java:543 - Mapped "{[/metrics || /metrics.json],methods=[GET],produces=[application/vnd.spring-boot.actuator.v1+json || application/json]}" onto public java.lang.Object org.springframework.boot.actuate.endpoint.mvc.EndpointMvcAdapter.invoke()
2018-09-21 09:14:31,850 [main] INFO  [o.s.b.actuate.endpoint.mvc.EndpointHandlerMapping] AbstractHandlerMethodMapping.java:543 - Mapped "{[/trace || /trace.json],methods=[GET],produces=[application/vnd.spring-boot.actuator.v1+json || application/json]}" onto public java.lang.Object org.springframework.boot.actuate.endpoint.mvc.EndpointMvcAdapter.invoke()
2018-09-21 09:14:31,851 [main] INFO  [o.s.b.actuate.endpoint.mvc.EndpointHandlerMapping] AbstractHandlerMethodMapping.java:543 - Mapped "{[/health || /health.json],methods=[GET],produces=[application/vnd.spring-boot.actuator.v1+json || application/json]}" onto public java.lang.Object org.springframework.boot.actuate.endpoint.mvc.HealthMvcEndpoint.invoke(javax.servlet.http.HttpServletRequest,java.security.Principal)
2018-09-21 09:14:31,852 [main] INFO  [o.s.b.actuate.endpoint.mvc.EndpointHandlerMapping] AbstractHandlerMethodMapping.java:543 - Mapped "{[/archaius || /archaius.json],methods=[GET],produces=[application/vnd.spring-boot.actuator.v1+json || application/json]}" onto public java.lang.Object org.springframework.boot.actuate.endpoint.mvc.EndpointMvcAdapter.invoke()
2018-09-21 09:14:31,853 [main] INFO  [o.s.b.actuate.endpoint.mvc.EndpointHandlerMapping] AbstractHandlerMethodMapping.java:543 - Mapped "{[/dump || /dump.json],methods=[GET],produces=[application/vnd.spring-boot.actuator.v1+json || application/json]}" onto public java.lang.Object org.springframework.boot.actuate.endpoint.mvc.EndpointMvcAdapter.invoke()
2018-09-21 09:14:31,854 [main] INFO  [o.s.b.actuate.endpoint.mvc.EndpointHandlerMapping] AbstractHandlerMethodMapping.java:543 - Mapped "{[/info || /info.json],methods=[GET],produces=[application/vnd.spring-boot.actuator.v1+json || application/json]}" onto public java.lang.Object org.springframework.boot.actuate.endpoint.mvc.EndpointMvcAdapter.invoke()
2018-09-21 09:14:31,854 [main] INFO  [o.s.b.actuate.endpoint.mvc.EndpointHandlerMapping] AbstractHandlerMethodMapping.java:543 - Mapped "{[/refresh || /refresh.json],methods=[POST]}" onto public java.lang.Object org.springframework.cloud.endpoint.GenericPostableMvcEndpoint.invoke()
2018-09-21 09:14:31,855 [main] INFO  [o.s.b.actuate.endpoint.mvc.EndpointHandlerMapping] AbstractHandlerMethodMapping.java:543 - Mapped "{[/autoconfig || /autoconfig.json],methods=[GET],produces=[application/vnd.spring-boot.actuator.v1+json || application/json]}" onto public java.lang.Object org.springframework.boot.actuate.endpoint.mvc.EndpointMvcAdapter.invoke()
2018-09-21 09:14:31,855 [main] INFO  [o.s.b.actuate.endpoint.mvc.EndpointHandlerMapping] AbstractHandlerMethodMapping.java:543 - Mapped "{[/mappings || /mappings.json],methods=[GET],produces=[application/vnd.spring-boot.actuator.v1+json || application/json]}" onto public java.lang.Object org.springframework.boot.actuate.endpoint.mvc.EndpointMvcAdapter.invoke()
2018-09-21 09:14:31,856 [main] INFO  [o.s.b.actuate.endpoint.mvc.EndpointHandlerMapping] AbstractHandlerMethodMapping.java:543 - Mapped "{[/loggers/{name:.*}],methods=[GET],produces=[application/vnd.spring-boot.actuator.v1+json || application/json]}" onto public java.lang.Object org.springframework.boot.actuate.endpoint.mvc.LoggersMvcEndpoint.get(java.lang.String)
2018-09-21 09:14:31,856 [main] INFO  [o.s.b.actuate.endpoint.mvc.EndpointHandlerMapping] AbstractHandlerMethodMapping.java:543 - Mapped "{[/loggers/{name:.*}],methods=[POST],consumes=[application/vnd.spring-boot.actuator.v1+json || application/json],produces=[application/vnd.spring-boot.actuator.v1+json || application/json]}" onto public java.lang.Object org.springframework.boot.actuate.endpoint.mvc.LoggersMvcEndpoint.set(java.lang.String,java.util.Map<java.lang.String, java.lang.String>)
2018-09-21 09:14:31,857 [main] INFO  [o.s.b.actuate.endpoint.mvc.EndpointHandlerMapping] AbstractHandlerMethodMapping.java:543 - Mapped "{[/loggers || /loggers.json],methods=[GET],produces=[application/vnd.spring-boot.actuator.v1+json || application/json]}" onto public java.lang.Object org.springframework.boot.actuate.endpoint.mvc.EndpointMvcAdapter.invoke()
2018-09-21 09:14:31,857 [main] INFO  [o.s.b.actuate.endpoint.mvc.EndpointHandlerMapping] AbstractHandlerMethodMapping.java:543 - Mapped "{[/service-registry/instance-status],methods=[GET]}" onto public org.springframework.http.ResponseEntity org.springframework.cloud.client.serviceregistry.endpoint.ServiceRegistryEndpoint.getStatus()
2018-09-21 09:14:31,857 [main] INFO  [o.s.b.actuate.endpoint.mvc.EndpointHandlerMapping] AbstractHandlerMethodMapping.java:543 - Mapped "{[/service-registry/instance-status],methods=[POST]}" onto public org.springframework.http.ResponseEntity<?> org.springframework.cloud.client.serviceregistry.endpoint.ServiceRegistryEndpoint.setStatus(java.lang.String)
2018-09-21 09:14:31,858 [main] INFO  [o.s.b.actuate.endpoint.mvc.EndpointHandlerMapping] AbstractHandlerMethodMapping.java:543 - Mapped "{[/auditevents || /auditevents.json],methods=[GET],produces=[application/vnd.spring-boot.actuator.v1+json || application/json]}" onto public org.springframework.http.ResponseEntity<?> org.springframework.boot.actuate.endpoint.mvc.AuditEventsMvcEndpoint.findByPrincipalAndAfterAndType(java.lang.String,java.util.Date,java.lang.String)
2018-09-21 09:14:31,858 [main] INFO  [o.s.b.actuate.endpoint.mvc.EndpointHandlerMapping] AbstractHandlerMethodMapping.java:543 - Mapped "{[/configprops || /configprops.json],methods=[GET],produces=[application/vnd.spring-boot.actuator.v1+json || application/json]}" onto public java.lang.Object org.springframework.boot.actuate.endpoint.mvc.EndpointMvcAdapter.invoke()
2018-09-21 09:14:31,859 [main] INFO  [o.s.b.actuate.endpoint.mvc.EndpointHandlerMapping] AbstractHandlerMethodMapping.java:543 - Mapped "{[/beans || /beans.json],methods=[GET],produces=[application/vnd.spring-boot.actuator.v1+json || application/json]}" onto public java.lang.Object org.springframework.boot.actuate.endpoint.mvc.EndpointMvcAdapter.invoke()
2018-09-21 09:14:31,859 [main] INFO  [o.s.b.actuate.endpoint.mvc.EndpointHandlerMapping] AbstractHandlerMethodMapping.java:543 - Mapped "{[/heapdump || /heapdump.json],methods=[GET],produces=[application/octet-stream]}" onto public void org.springframework.boot.actuate.endpoint.mvc.HeapdumpMvcEndpoint.invoke(boolean,javax.servlet.http.HttpServletRequest,javax.servlet.http.HttpServletResponse) throws java.io.IOException,javax.servlet.ServletException
2018-09-21 09:14:31,860 [main] INFO  [o.s.security.web.DefaultSecurityFilterChain] DefaultSecurityFilterChain.java:43 - Creating filter chain: org.springframework.boot.actuate.autoconfigure.ManagementWebSecurityAutoConfiguration$LazyEndpointPathRequestMatcher@437ed416, [org.springframework.security.web.context.request.async.WebAsyncManagerIntegrationFilter@11f23038, org.springframework.security.web.context.SecurityContextPersistenceFilter@423ed3b5, org.springframework.security.web.header.HeaderWriterFilter@2f95653f, org.springframework.web.filter.CorsFilter@de77146, org.springframework.security.web.authentication.logout.LogoutFilter@486e9d1d, org.springframework.security.web.authentication.www.BasicAuthenticationFilter@35bd8bc9, org.springframework.security.web.savedrequest.RequestCacheAwareFilter@3c88191b, org.springframework.security.web.servletapi.SecurityContextHolderAwareRequestFilter@5bc63e20, org.springframework.security.web.authentication.AnonymousAuthenticationFilter@691567ea, org.springframework.security.web.session.SessionManagementFilter@7d9c45ee, org.springframework.security.web.access.ExceptionTranslationFilter@e91af20, org.springframework.security.web.access.intercept.FilterSecurityInterceptor@b5ac0c1]
2018-09-21 09:14:31,862 [main] INFO  [o.s.security.web.DefaultSecurityFilterChain] DefaultSecurityFilterChain.java:43 - Creating filter chain: OrRequestMatcher [requestMatchers=[Ant [pattern='/**']]], [org.springframework.security.web.context.request.async.WebAsyncManagerIntegrationFilter@3dfd6220, org.springframework.security.web.context.SecurityContextPersistenceFilter@6380e9e9, org.springframework.security.web.header.HeaderWriterFilter@367d34c0, org.springframework.security.web.authentication.logout.LogoutFilter@34c7232c, org.springframework.security.web.authentication.www.BasicAuthenticationFilter@50ec4bfc, org.springframework.security.web.savedrequest.RequestCacheAwareFilter@350da119, org.springframework.security.web.servletapi.SecurityContextHolderAwareRequestFilter@6a09484c, org.springframework.security.web.authentication.AnonymousAuthenticationFilter@3815146b, org.springframework.security.web.session.SessionManagementFilter@4ce25e47, org.springframework.security.web.access.ExceptionTranslationFilter@6de7778f, org.springframework.security.web.access.intercept.FilterSecurityInterceptor@16cb9989]
2018-09-21 09:14:32,065 [main] INFO  [o.s.ui.freemarker.SpringTemplateLoader] SpringTemplateLoader.java:61 - SpringTemplateLoader for FreeMarker: using resource loader [org.springframework.boot.context.embedded.AnnotationConfigEmbeddedWebApplicationContext@f9d87b: startup date [Fri Sep 21 09:14:28 CST 2018]; parent: org.springframework.context.annotation.AnnotationConfigApplicationContext@3c77d488] and template loader path [classpath:/templates/]
2018-09-21 09:14:32,066 [main] INFO  [o.s.w.servlet.view.freemarker.FreeMarkerConfigurer] FreeMarkerConfigurer.java:127 - ClassTemplateLoader for Spring macros added to FreeMarker configuration
2018-09-21 09:14:32,192 [main] INFO  [o.s.cloud.netflix.eureka.InstanceInfoFactory] InstanceInfoFactory.java:71 - Setting initial instance status as: STARTING
2018-09-21 09:14:32,220 [main] INFO  [com.netflix.discovery.DiscoveryClient] DiscoveryClient.java:347 - Initializing Eureka in region us-east-1
2018-09-21 09:14:32,220 [main] INFO  [com.netflix.discovery.DiscoveryClient] DiscoveryClient.java:350 - Client configured to neither register nor query for data.
2018-09-21 09:14:32,229 [main] INFO  [com.netflix.discovery.DiscoveryClient] DiscoveryClient.java:363 - Discovery Client initialized at timestamp 1537492472228 with initial instances count: 0
2018-09-21 09:14:32,265 [main] INFO  [com.netflix.eureka.DefaultEurekaServerContext] DefaultEurekaServerContext.java:63 - Initializing ...
2018-09-21 09:14:32,266 [main] WARN  [com.netflix.eureka.cluster.PeerEurekaNodes] PeerEurekaNodes.java:156 - The replica size seems to be empty. Check the route 53 DNS Registry
2018-09-21 09:14:32,279 [main] INFO  [c.netflix.eureka.registry.AbstractInstanceRegistry] AbstractInstanceRegistry.java:152 - Finished initializing remote region registries. All known remote regions: []
2018-09-21 09:14:32,280 [main] INFO  [com.netflix.eureka.DefaultEurekaServerContext] DefaultEurekaServerContext.java:66 - Initialized
2018-09-21 09:14:32,292 [main] WARN  [o.s.c.s.e.s.EurekaServerStarterDeprecationWarningAutoConfiguration] EurekaServerStarterDeprecationWarningAutoConfiguration.java:19 - spring-cloud-starter-eureka-server is deprecated as of Spring Cloud Netflix 1.4.0, please migrate to spring-cloud-starter-netflix-eureka-server
2018-09-21 09:14:32,330 [main] INFO  [o.s.jmx.export.annotation.AnnotationMBeanExporter] MBeanExporter.java:431 - Registering beans for JMX exposure on startup
2018-09-21 09:14:32,338 [main] INFO  [o.s.jmx.export.annotation.AnnotationMBeanExporter] MBeanExporter.java:918 - Bean with name 'configurationPropertiesRebinder' has been autodetected for JMX exposure
2018-09-21 09:14:32,339 [main] INFO  [o.s.jmx.export.annotation.AnnotationMBeanExporter] MBeanExporter.java:918 - Bean with name 'refreshEndpoint' has been autodetected for JMX exposure
2018-09-21 09:14:32,340 [main] INFO  [o.s.jmx.export.annotation.AnnotationMBeanExporter] MBeanExporter.java:918 - Bean with name 'environmentManager' has been autodetected for JMX exposure
2018-09-21 09:14:32,340 [main] INFO  [o.s.jmx.export.annotation.AnnotationMBeanExporter] MBeanExporter.java:918 - Bean with name 'serviceRegistryEndpoint' has been autodetected for JMX exposure
2018-09-21 09:14:32,341 [main] INFO  [o.s.jmx.export.annotation.AnnotationMBeanExporter] MBeanExporter.java:918 - Bean with name 'refreshScope' has been autodetected for JMX exposure
2018-09-21 09:14:32,343 [main] INFO  [o.s.jmx.export.annotation.AnnotationMBeanExporter] MBeanExporter.java:679 - Located managed bean 'environmentManager': registering with JMX server as MBean [org.springframework.cloud.context.environment:name=environmentManager,type=EnvironmentManager]
2018-09-21 09:14:32,353 [main] INFO  [o.s.jmx.export.annotation.AnnotationMBeanExporter] MBeanExporter.java:679 - Located managed bean 'serviceRegistryEndpoint': registering with JMX server as MBean [org.springframework.cloud.client.serviceregistry.endpoint:name=serviceRegistryEndpoint,type=ServiceRegistryEndpoint]
2018-09-21 09:14:32,357 [main] INFO  [o.s.jmx.export.annotation.AnnotationMBeanExporter] MBeanExporter.java:679 - Located managed bean 'refreshScope': registering with JMX server as MBean [org.springframework.cloud.context.scope.refresh:name=refreshScope,type=RefreshScope]
2018-09-21 09:14:32,366 [main] INFO  [o.s.jmx.export.annotation.AnnotationMBeanExporter] MBeanExporter.java:679 - Located managed bean 'configurationPropertiesRebinder': registering with JMX server as MBean [org.springframework.cloud.context.properties:name=configurationPropertiesRebinder,context=f9d87b,type=ConfigurationPropertiesRebinder]
2018-09-21 09:14:32,371 [main] INFO  [o.s.jmx.export.annotation.AnnotationMBeanExporter] MBeanExporter.java:679 - Located managed bean 'refreshEndpoint': registering with JMX server as MBean [org.springframework.cloud.endpoint:name=refreshEndpoint,type=RefreshEndpoint]
2018-09-21 09:14:32,373 [main] INFO  [o.s.b.actuate.endpoint.jmx.EndpointMBeanExporter] MBeanExporter.java:431 - Registering beans for JMX exposure on startup
2018-09-21 09:14:32,383 [main] INFO  [o.s.context.support.DefaultLifecycleProcessor] DefaultLifecycleProcessor.java:341 - Starting beans in phase 0
2018-09-21 09:14:32,387 [main] INFO  [o.s.c.n.e.serviceregistry.EurekaServiceRegistry] EurekaServiceRegistry.java:40 - Registering application pig-eureka-server with eureka with status UP
2018-09-21 09:14:32,390 [main] INFO  [o.s.b.actuate.endpoint.jmx.EndpointMBeanExporter] MBeanExporter.java:679 - Located managed bean 'auditEventsEndpoint': registering with JMX server as MBean [org.springframework.boot:type=Endpoint,name=auditEventsEndpoint]
2018-09-21 09:14:32,393 [main] INFO  [o.s.b.actuate.endpoint.jmx.EndpointMBeanExporter] MBeanExporter.java:679 - Located managed bean 'archaiusEndpoint': registering with JMX server as MBean [org.springframework.boot:type=Endpoint,name=archaiusEndpoint]
2018-09-21 09:14:32,400 [main] INFO  [o.s.b.actuate.endpoint.jmx.EndpointMBeanExporter] MBeanExporter.java:679 - Located managed bean 'featuresEndpoint': registering with JMX server as MBean [org.springframework.boot:type=Endpoint,name=featuresEndpoint]
2018-09-21 09:14:32,401 [main] INFO  [o.s.b.actuate.endpoint.jmx.EndpointMBeanExporter] MBeanExporter.java:679 - Located managed bean 'requestMappingEndpoint': registering with JMX server as MBean [org.springframework.boot:type=Endpoint,name=requestMappingEndpoint]
2018-09-21 09:14:32,403 [main] INFO  [o.s.b.actuate.endpoint.jmx.EndpointMBeanExporter] MBeanExporter.java:679 - Located managed bean 'environmentEndpoint': registering with JMX server as MBean [org.springframework.boot:type=Endpoint,name=environmentEndpoint]
2018-09-21 09:14:32,405 [main] INFO  [o.s.b.actuate.endpoint.jmx.EndpointMBeanExporter] MBeanExporter.java:679 - Located managed bean 'healthEndpoint': registering with JMX server as MBean [org.springframework.boot:type=Endpoint,name=healthEndpoint]
2018-09-21 09:14:32,407 [main] INFO  [o.s.b.actuate.endpoint.jmx.EndpointMBeanExporter] MBeanExporter.java:679 - Located managed bean 'beansEndpoint': registering with JMX server as MBean [org.springframework.boot:type=Endpoint,name=beansEndpoint]
2018-09-21 09:14:32,410 [main] INFO  [o.s.b.actuate.endpoint.jmx.EndpointMBeanExporter] MBeanExporter.java:679 - Located managed bean 'infoEndpoint': registering with JMX server as MBean [org.springframework.boot:type=Endpoint,name=infoEndpoint]
2018-09-21 09:14:32,412 [main] INFO  [o.s.b.actuate.endpoint.jmx.EndpointMBeanExporter] MBeanExporter.java:679 - Located managed bean 'loggersEndpoint': registering with JMX server as MBean [org.springframework.boot:type=Endpoint,name=loggersEndpoint]
2018-09-21 09:14:32,418 [main] INFO  [o.s.b.actuate.endpoint.jmx.EndpointMBeanExporter] MBeanExporter.java:679 - Located managed bean 'metricsEndpoint': registering with JMX server as MBean [org.springframework.boot:type=Endpoint,name=metricsEndpoint]
2018-09-21 09:14:32,420 [main] INFO  [o.s.b.actuate.endpoint.jmx.EndpointMBeanExporter] MBeanExporter.java:679 - Located managed bean 'traceEndpoint': registering with JMX server as MBean [org.springframework.boot:type=Endpoint,name=traceEndpoint]
2018-09-21 09:14:32,423 [main] INFO  [o.s.b.actuate.endpoint.jmx.EndpointMBeanExporter] MBeanExporter.java:679 - Located managed bean 'dumpEndpoint': registering with JMX server as MBean [org.springframework.boot:type=Endpoint,name=dumpEndpoint]
2018-09-21 09:14:32,425 [main] INFO  [o.s.b.actuate.endpoint.jmx.EndpointMBeanExporter] MBeanExporter.java:679 - Located managed bean 'autoConfigurationReportEndpoint': registering with JMX server as MBean [org.springframework.boot:type=Endpoint,name=autoConfigurationReportEndpoint]
2018-09-21 09:14:32,427 [main] INFO  [o.s.b.actuate.endpoint.jmx.EndpointMBeanExporter] MBeanExporter.java:679 - Located managed bean 'configurationPropertiesReportEndpoint': registering with JMX server as MBean [org.springframework.boot:type=Endpoint,name=configurationPropertiesReportEndpoint]
2018-09-21 09:14:32,429 [Thread-11] INFO  [o.s.c.netflix.eureka.server.EurekaServerBootstrap] EurekaServerBootstrap.java:109 - Setting the eureka configuration..
2018-09-21 09:14:32,429 [Thread-11] INFO  [o.s.c.netflix.eureka.server.EurekaServerBootstrap] EurekaServerBootstrap.java:114 - Eureka data center value eureka.datacenter is not set, defaulting to default
2018-09-21 09:14:32,429 [Thread-11] INFO  [o.s.c.netflix.eureka.server.EurekaServerBootstrap] EurekaServerBootstrap.java:128 - Eureka environment value eureka.environment is not set, defaulting to test
2018-09-21 09:14:32,444 [main] INFO  [org.apache.coyote.http11.Http11NioProtocol] DirectJDKLog.java:180 - Starting ProtocolHandler ["http-nio-1025"]
2018-09-21 09:14:32,444 [Thread-11] INFO  [o.s.c.netflix.eureka.server.EurekaServerBootstrap] EurekaServerBootstrap.java:184 - isAws returned false
2018-09-21 09:14:32,445 [Thread-11] INFO  [o.s.c.netflix.eureka.server.EurekaServerBootstrap] EurekaServerBootstrap.java:152 - Initialized server context
2018-09-21 09:14:32,445 [Thread-11] INFO  [c.n.eureka.registry.PeerAwareInstanceRegistryImpl] PeerAwareInstanceRegistryImpl.java:242 - Got 1 instances from neighboring DS node
2018-09-21 09:14:32,445 [Thread-11] INFO  [c.n.eureka.registry.PeerAwareInstanceRegistryImpl] PeerAwareInstanceRegistryImpl.java:243 - Renew threshold is: 1
2018-09-21 09:14:32,445 [Thread-11] INFO  [c.n.eureka.registry.PeerAwareInstanceRegistryImpl] PeerAwareInstanceRegistryImpl.java:254 - Changing status to UP
2018-09-21 09:14:32,454 [Thread-11] INFO  [o.s.c.n.e.s.EurekaServerInitializerConfiguration] EurekaServerInitializerConfiguration.java:72 - Started Eureka Server
2018-09-21 09:14:32,454 [main] INFO  [org.apache.tomcat.util.net.NioSelectorPool] DirectJDKLog.java:180 - Using a shared selector for servlet write/read
2018-09-21 09:14:32,465 [main] INFO  [o.s.b.c.e.tomcat.TomcatEmbeddedServletContainer] TomcatEmbeddedServletContainer.java:216 - Tomcat started on port(s): 1025 (http)
2018-09-21 09:14:32,466 [main] INFO  [o.s.c.n.e.s.EurekaAutoServiceRegistration] EurekaAutoServiceRegistration.java:124 - Updating port to 1025
2018-09-21 09:14:32,469 [main] INFO  [com.github.rain.eureka.RainEurekaApplication] StartupInfoLogger.java:57 - Started RainEurekaApplication in 6.164 seconds (JVM running for 6.827)
2018-09-21 09:14:37,447 [Eureka-EvictionTimer] INFO  [c.netflix.eureka.registry.AbstractInstanceRegistry] AbstractInstanceRegistry.java:1255 - Running the evict task with compensationTime 0ms
2018-09-21 09:14:42,448 [Eureka-EvictionTimer] INFO  [c.netflix.eureka.registry.AbstractInstanceRegistry] AbstractInstanceRegistry.java:1255 - Running the evict task with compensationTime 1ms
2018-09-21 09:14:47,449 [Eureka-EvictionTimer] INFO  [c.netflix.eureka.registry.AbstractInstanceRegistry] AbstractInstanceRegistry.java:1255 - Running the evict task with compensationTime 0ms
2018-09-21 09:14:52,449 [Eureka-EvictionTimer] INFO  [c.netflix.eureka.registry.AbstractInstanceRegistry] AbstractInstanceRegistry.java:1255 - Running the evict task with compensationTime 0ms
2018-09-21 09:14:57,450 [Eureka-EvictionTimer] INFO  [c.netflix.eureka.registry.AbstractInstanceRegistry] AbstractInstanceRegistry.java:1255 - Running the evict task with compensationTime 0ms
2018-09-21 09:15:02,450 [Eureka-EvictionTimer] INFO  [c.netflix.eureka.registry.AbstractInstanceRegistry] AbstractInstanceRegistry.java:1255 - Running the evict task with compensationTime 0ms
2018-09-21 09:15:07,451 [Eureka-EvictionTimer] INFO  [c.netflix.eureka.registry.AbstractInstanceRegistry] AbstractInstanceRegistry.java:1255 - Running the evict task with compensationTime 0ms
2018-09-21 09:15:12,451 [Eureka-EvictionTimer] INFO  [c.netflix.eureka.registry.AbstractInstanceRegistry] AbstractInstanceRegistry.java:1255 - Running the evict task with compensationTime 0ms
2018-09-21 09:15:17,451 [Eureka-EvictionTimer] INFO  [c.netflix.eureka.registry.AbstractInstanceRegistry] AbstractInstanceRegistry.java:1255 - Running the evict task with compensationTime 0ms
2018-09-21 09:15:22,452 [Eureka-EvictionTimer] INFO  [c.netflix.eureka.registry.AbstractInstanceRegistry] AbstractInstanceRegistry.java:1255 - Running the evict task with compensationTime 0ms
2018-09-21 09:15:27,452 [Eureka-EvictionTimer] INFO  [c.netflix.eureka.registry.AbstractInstanceRegistry] AbstractInstanceRegistry.java:1255 - Running the evict task with compensationTime 0ms
2018-09-21 09:15:32,453 [Eureka-EvictionTimer] INFO  [c.netflix.eureka.registry.AbstractInstanceRegistry] AbstractInstanceRegistry.java:1255 - Running the evict task with compensationTime 0ms
2018-09-21 09:15:37,454 [Eureka-EvictionTimer] INFO  [c.netflix.eureka.registry.AbstractInstanceRegistry] AbstractInstanceRegistry.java:1255 - Running the evict task with compensationTime 0ms
2018-09-21 09:15:42,454 [Eureka-EvictionTimer] INFO  [c.netflix.eureka.registry.AbstractInstanceRegistry] AbstractInstanceRegistry.java:1255 - Running the evict task with compensationTime 0ms
2018-09-21 09:15:47,454 [Eureka-EvictionTimer] INFO  [c.netflix.eureka.registry.AbstractInstanceRegistry] AbstractInstanceRegistry.java:1255 - Running the evict task with compensationTime 0ms
2018-09-21 09:15:52,454 [Eureka-EvictionTimer] INFO  [c.netflix.eureka.registry.AbstractInstanceRegistry] AbstractInstanceRegistry.java:1255 - Running the evict task with compensationTime 0ms
2018-09-21 09:15:57,454 [Eureka-EvictionTimer] INFO  [c.netflix.eureka.registry.AbstractInstanceRegistry] AbstractInstanceRegistry.java:1255 - Running the evict task with compensationTime 0ms
2018-09-21 09:16:02,455 [Eureka-EvictionTimer] INFO  [c.netflix.eureka.registry.AbstractInstanceRegistry] AbstractInstanceRegistry.java:1255 - Running the evict task with compensationTime 0ms
2018-09-21 09:16:04,810 [http-nio-1025-exec-1] INFO  [o.a.c.core.ContainerBase.[Tomcat].[localhost].[/]] DirectJDKLog.java:180 - Initializing Spring FrameworkServlet 'dispatcherServlet'
2018-09-21 09:16:04,811 [http-nio-1025-exec-1] INFO  [org.springframework.web.servlet.DispatcherServlet] FrameworkServlet.java:489 - FrameworkServlet 'dispatcherServlet': initialization started
2018-09-21 09:16:04,855 [http-nio-1025-exec-1] INFO  [org.springframework.web.servlet.DispatcherServlet] FrameworkServlet.java:508 - FrameworkServlet 'dispatcherServlet': initialization completed in 44 ms
2018-09-21 09:16:07,455 [Eureka-EvictionTimer] INFO  [c.netflix.eureka.registry.AbstractInstanceRegistry] AbstractInstanceRegistry.java:1255 - Running the evict task with compensationTime 0ms
2018-09-21 09:16:12,456 [Eureka-EvictionTimer] INFO  [c.netflix.eureka.registry.AbstractInstanceRegistry] AbstractInstanceRegistry.java:1255 - Running the evict task with compensationTime 0ms
2018-09-21 09:16:17,457 [Eureka-EvictionTimer] INFO  [c.netflix.eureka.registry.AbstractInstanceRegistry] AbstractInstanceRegistry.java:1255 - Running the evict task with compensationTime 0ms
2018-09-21 09:16:22,457 [Eureka-EvictionTimer] INFO  [c.netflix.eureka.registry.AbstractInstanceRegistry] AbstractInstanceRegistry.java:1255 - Running the evict task with compensationTime 0ms
2018-09-21 09:16:27,457 [Eureka-EvictionTimer] INFO  [c.netflix.eureka.registry.AbstractInstanceRegistry] AbstractInstanceRegistry.java:1255 - Running the evict task with compensationTime 0ms
2018-09-21 09:16:32,458 [Eureka-EvictionTimer] INFO  [c.netflix.eureka.registry.AbstractInstanceRegistry] AbstractInstanceRegistry.java:1255 - Running the evict task with compensationTime 0ms
2018-09-21 09:16:33,978 [RMI TCP Connection(2)-127.0.0.1] INFO  [o.s.b.a.SpringApplicationAdminMXBeanRegistrar$SpringApplicationAdmin] SpringApplicationAdminMXBeanRegistrar.java:125 - Application shutdown requested.
2018-09-21 09:16:33,979 [RMI TCP Connection(2)-127.0.0.1] INFO  [o.s.b.c.e.AnnotationConfigEmbeddedWebApplicationContext] AbstractApplicationContext.java:984 - Closing org.springframework.boot.context.embedded.AnnotationConfigEmbeddedWebApplicationContext@f9d87b: startup date [Fri Sep 21 09:14:28 CST 2018]; parent: org.springframework.context.annotation.AnnotationConfigApplicationContext@3c77d488
2018-09-21 09:16:33,979 [RMI TCP Connection(2)-127.0.0.1] INFO  [o.s.c.n.e.serviceregistry.EurekaServiceRegistry] EurekaServiceRegistry.java:64 - Unregistering application pig-eureka-server with eureka with status DOWN
2018-09-21 09:16:33,980 [RMI TCP Connection(2)-127.0.0.1] INFO  [o.s.context.support.DefaultLifecycleProcessor] DefaultLifecycleProcessor.java:356 - Stopping beans in phase 0
2018-09-21 09:16:33,982 [RMI TCP Connection(2)-127.0.0.1] INFO  [com.netflix.eureka.DefaultEurekaServerContext] DefaultEurekaServerContext.java:72 - Shutting down ...
2018-09-21 09:16:33,985 [RMI TCP Connection(2)-127.0.0.1] INFO  [com.netflix.eureka.DefaultEurekaServerContext] DefaultEurekaServerContext.java:75 - Shut down
2018-09-21 09:16:33,986 [RMI TCP Connection(2)-127.0.0.1] INFO  [o.s.b.actuate.endpoint.jmx.EndpointMBeanExporter] MBeanExporter.java:449 - Unregistering JMX-exposed beans on shutdown
2018-09-21 09:16:33,986 [RMI TCP Connection(2)-127.0.0.1] INFO  [o.s.b.actuate.endpoint.jmx.EndpointMBeanExporter] MBeanRegistrationSupport.java:241 - Unregistering JMX-exposed beans
2018-09-21 09:16:33,987 [RMI TCP Connection(2)-127.0.0.1] INFO  [o.s.jmx.export.annotation.AnnotationMBeanExporter] MBeanExporter.java:449 - Unregistering JMX-exposed beans on shutdown
2018-09-21 09:16:33,987 [RMI TCP Connection(2)-127.0.0.1] INFO  [o.s.jmx.export.annotation.AnnotationMBeanExporter] MBeanRegistrationSupport.java:241 - Unregistering JMX-exposed beans
2018-09-21 09:16:33,991 [RMI TCP Connection(2)-127.0.0.1] INFO  [com.netflix.discovery.DiscoveryClient] DiscoveryClient.java:866 - Shutting down DiscoveryClient ...
2018-09-21 09:16:33,991 [RMI TCP Connection(2)-127.0.0.1] INFO  [com.netflix.discovery.DiscoveryClient] DiscoveryClient.java:887 - Completed shut down of DiscoveryClient
2018-09-21 09:16:33,991 [RMI TCP Connection(2)-127.0.0.1] INFO  [org.apache.coyote.http11.Http11NioProtocol] DirectJDKLog.java:180 - Pausing ProtocolHandler ["http-nio-1025"]
2018-09-21 09:16:34,068 [RMI TCP Connection(2)-127.0.0.1] INFO  [org.apache.catalina.core.StandardService] DirectJDKLog.java:180 - Stopping service [Tomcat]
2018-09-21 09:16:34,069 [localhost-startStop-2] INFO  [o.a.c.core.ContainerBase.[Tomcat].[localhost].[/]] DirectJDKLog.java:180 - Destroying Spring FrameworkServlet 'dispatcherServlet'
2018-09-21 09:16:34,075 [RMI TCP Connection(2)-127.0.0.1] INFO  [org.apache.coyote.http11.Http11NioProtocol] DirectJDKLog.java:180 - Stopping ProtocolHandler ["http-nio-1025"]
2018-09-21 09:16:34,079 [RMI TCP Connection(2)-127.0.0.1] INFO  [org.apache.coyote.http11.Http11NioProtocol] DirectJDKLog.java:180 - Destroying ProtocolHandler ["http-nio-1025"]
