2018-09-21 09:22:50,227 [main] INFO  [o.s.c.a.AnnotationConfigApplicationContext] AbstractApplicationContext.java:583 - Refreshing org.springframework.context.annotation.AnnotationConfigApplicationContext@3c77d488: startup date [Fri Sep 21 09:22:50 CST 2018]; root of context hierarchy
2018-09-21 09:22:50,443 [main] INFO  [o.s.b.f.a.AutowiredAnnotationBeanPostProcessor] AutowiredAnnotationBeanPostProcessor.java:155 - JSR-330 'javax.inject.Inject' annotation found and supported for autowiring
2018-09-21 09:22:50,461 [background-preinit] INFO  [org.hibernate.validator.internal.util.Version] Version.java:30 - HV000001: Hibernate Validator 5.4.1.Final
2018-09-21 09:22:50,468 [main] INFO  [o.s.c.s.PostProcessorRegistrationDelegate$BeanPostProcessorChecker] PostProcessorRegistrationDelegate.java:327 - Bean 'configurationPropertiesRebinderAutoConfiguration' of type [org.springframework.cloud.autoconfigure.ConfigurationPropertiesRebinderAutoConfiguration$$EnhancerBySpringCGLIB$$dd2c8435] is not eligible for getting processed by all BeanPostProcessors (for example: not eligible for auto-proxying)
2018-09-21 09:22:50,745 [main] INFO  [o.s.c.c.client.ConfigServicePropertySourceLocator] ConfigServicePropertySourceLocator.java:82 - Fetching config from server at: http://localhost:8888
2018-09-21 09:22:51,815 [main] WARN  [o.s.c.c.client.ConfigServicePropertySourceLocator] ConfigServicePropertySourceLocator.java:136 - Could not locate PropertySource: I/O error on GET request for "http://localhost:8888/rain-eureka-server/default": Connection refused: connect; nested exception is java.net.ConnectException: Connection refused: connect
2018-09-21 09:22:51,816 [main] INFO  [com.github.rain.eureka.RainEurekaApplication] SpringApplication.java:593 - No active profile set, falling back to default profiles: default
2018-09-21 09:22:51,824 [main] INFO  [o.s.b.c.e.AnnotationConfigEmbeddedWebApplicationContext] AbstractApplicationContext.java:583 - Refreshing org.springframework.boot.context.embedded.AnnotationConfigEmbeddedWebApplicationContext@f9d87b: startup date [Fri Sep 21 09:22:51 CST 2018]; parent: org.springframework.context.annotation.AnnotationConfigApplicationContext@3c77d488
2018-09-21 09:22:52,505 [main] INFO  [o.springframework.cloud.context.scope.GenericScope] GenericScope.java:289 - BeanFactory id=604bef54-d147-3633-a108-a34a9609add2
2018-09-21 09:22:52,516 [main] INFO  [o.s.b.f.a.AutowiredAnnotationBeanPostProcessor] AutowiredAnnotationBeanPostProcessor.java:155 - JSR-330 'javax.inject.Inject' annotation found and supported for autowiring
2018-09-21 09:22:52,549 [main] INFO  [o.s.c.s.PostProcessorRegistrationDelegate$BeanPostProcessorChecker] PostProcessorRegistrationDelegate.java:327 - Bean 'org.springframework.cloud.autoconfigure.ConfigurationPropertiesRebinderAutoConfiguration' of type [org.springframework.cloud.autoconfigure.ConfigurationPropertiesRebinderAutoConfiguration$$EnhancerBySpringCGLIB$$dd2c8435] is not eligible for getting processed by all BeanPostProcessors (for example: not eligible for auto-proxying)
2018-09-21 09:22:52,777 [main] INFO  [o.s.b.c.e.tomcat.TomcatEmbeddedServletContainer] TomcatEmbeddedServletContainer.java:92 - Tomcat initialized with port(s): 1025 (http)
2018-09-21 09:22:52,788 [main] INFO  [org.apache.coyote.http11.Http11NioProtocol] DirectJDKLog.java:180 - Initializing ProtocolHandler ["http-nio-1025"]
2018-09-21 09:22:52,797 [main] INFO  [org.apache.catalina.core.StandardService] DirectJDKLog.java:180 - Starting service [Tomcat]
2018-09-21 09:22:52,797 [main] INFO  [org.apache.catalina.core.StandardEngine] DirectJDKLog.java:180 - Starting Servlet Engine: Apache Tomcat/8.5.32
2018-09-21 09:22:52,958 [localhost-startStop-1] INFO  [o.a.c.core.ContainerBase.[Tomcat].[localhost].[/]] DirectJDKLog.java:180 - Initializing Spring embedded WebApplicationContext
2018-09-21 09:22:52,959 [localhost-startStop-1] INFO  [org.springframework.web.context.ContextLoader] EmbeddedWebApplicationContext.java:276 - Root WebApplicationContext: initialization completed in 1135 ms
2018-09-21 09:22:53,668 [localhost-startStop-1] INFO  [o.s.boot.web.servlet.FilterRegistrationBean] AbstractFilterRegistrationBean.java:259 - Mapping filter: 'metricsFilter' to: [/*]
2018-09-21 09:22:53,668 [localhost-startStop-1] INFO  [o.s.boot.web.servlet.FilterRegistrationBean] AbstractFilterRegistrationBean.java:259 - Mapping filter: 'characterEncodingFilter' to: [/*]
2018-09-21 09:22:53,668 [localhost-startStop-1] INFO  [o.s.boot.web.servlet.FilterRegistrationBean] AbstractFilterRegistrationBean.java:259 - Mapping filter: 'hiddenHttpMethodFilter' to: [/*]
2018-09-21 09:22:53,669 [localhost-startStop-1] INFO  [o.s.boot.web.servlet.FilterRegistrationBean] AbstractFilterRegistrationBean.java:259 - Mapping filter: 'httpPutFormContentFilter' to: [/*]
2018-09-21 09:22:53,669 [localhost-startStop-1] INFO  [o.s.boot.web.servlet.FilterRegistrationBean] AbstractFilterRegistrationBean.java:259 - Mapping filter: 'requestContextFilter' to: [/*]
2018-09-21 09:22:53,670 [localhost-startStop-1] INFO  [o.s.b.w.s.DelegatingFilterProxyRegistrationBean] AbstractFilterRegistrationBean.java:259 - Mapping filter: 'springSecurityFilterChain' to: [/*]
2018-09-21 09:22:53,670 [localhost-startStop-1] INFO  [o.s.boot.web.servlet.FilterRegistrationBean] AbstractFilterRegistrationBean.java:259 - Mapping filter: 'webRequestTraceFilter' to: [/*]
2018-09-21 09:22:53,671 [localhost-startStop-1] INFO  [o.s.boot.web.servlet.FilterRegistrationBean] AbstractFilterRegistrationBean.java:272 - Mapping filter: 'servletContainer' to urls: [/eureka/*]
2018-09-21 09:22:53,671 [localhost-startStop-1] INFO  [o.s.boot.web.servlet.FilterRegistrationBean] AbstractFilterRegistrationBean.java:259 - Mapping filter: 'applicationContextIdFilter' to: [/*]
2018-09-21 09:22:53,671 [localhost-startStop-1] INFO  [o.s.boot.web.servlet.ServletRegistrationBean] ServletRegistrationBean.java:191 - Mapping servlet: 'dispatcherServlet' to [/]
2018-09-21 09:22:53,744 [localhost-startStop-1] INFO  [c.s.j.server.impl.application.WebApplicationImpl] WebApplicationImpl.java:815 - Initiating Jersey application, version 'Jersey: 1.19.1 03/11/2016 02:08 PM'
2018-09-21 09:22:53,804 [localhost-startStop-1] INFO  [c.n.discovery.provider.DiscoveryJerseyProvider] DiscoveryJerseyProvider.java:70 - Using JSON encoding codec LegacyJacksonJson
2018-09-21 09:22:53,804 [localhost-startStop-1] INFO  [c.n.discovery.provider.DiscoveryJerseyProvider] DiscoveryJerseyProvider.java:71 - Using JSON decoding codec LegacyJacksonJson
2018-09-21 09:22:53,893 [localhost-startStop-1] INFO  [c.n.discovery.provider.DiscoveryJerseyProvider] DiscoveryJerseyProvider.java:80 - Using XML encoding codec XStreamXml
2018-09-21 09:22:53,894 [localhost-startStop-1] INFO  [c.n.discovery.provider.DiscoveryJerseyProvider] DiscoveryJerseyProvider.java:81 - Using XML decoding codec XStreamXml
2018-09-21 09:22:54,223 [main] WARN  [com.netflix.config.sources.URLConfigurationSource] URLConfigurationSource.java:121 - No URLs will be polled as dynamic configuration sources.
2018-09-21 09:22:54,223 [main] INFO  [com.netflix.config.sources.URLConfigurationSource] URLConfigurationSource.java:122 - To enable URLs as dynamic configuration sources, define System property archaius.configurationSource.additionalUrls or make config.properties available on classpath.
2018-09-21 09:22:54,228 [main] WARN  [com.netflix.config.sources.URLConfigurationSource] URLConfigurationSource.java:121 - No URLs will be polled as dynamic configuration sources.
2018-09-21 09:22:54,229 [main] INFO  [com.netflix.config.sources.URLConfigurationSource] URLConfigurationSource.java:122 - To enable URLs as dynamic configuration sources, define System property archaius.configurationSource.additionalUrls or make config.properties available on classpath.
2018-09-21 09:22:54,427 [main] INFO  [o.s.w.s.m.m.a.RequestMappingHandlerAdapter] RequestMappingHandlerAdapter.java:534 - Looking for @ControllerAdvice: org.springframework.boot.context.embedded.AnnotationConfigEmbeddedWebApplicationContext@f9d87b: startup date [Fri Sep 21 09:22:51 CST 2018]; parent: org.springframework.context.annotation.AnnotationConfigApplicationContext@3c77d488
2018-09-21 09:22:54,489 [main] INFO  [o.s.w.s.m.m.a.RequestMappingHandlerMapping] AbstractHandlerMethodMapping.java:543 - Mapped "{[/error]}" onto public org.springframework.http.ResponseEntity<java.util.Map<java.lang.String, java.lang.Object>> org.springframework.boot.autoconfigure.web.BasicErrorController.error(javax.servlet.http.HttpServletRequest)
2018-09-21 09:22:54,490 [main] INFO  [o.s.w.s.m.m.a.RequestMappingHandlerMapping] AbstractHandlerMethodMapping.java:543 - Mapped "{[/error],produces=[text/html]}" onto public org.springframework.web.servlet.ModelAndView org.springframework.boot.autoconfigure.web.BasicErrorController.errorHtml(javax.servlet.http.HttpServletRequest,javax.servlet.http.HttpServletResponse)
2018-09-21 09:22:54,495 [main] INFO  [o.s.w.s.m.m.a.RequestMappingHandlerMapping] AbstractHandlerMethodMapping.java:543 - Mapped "{[/],methods=[GET]}" onto public java.lang.String org.springframework.cloud.netflix.eureka.server.EurekaController.status(javax.servlet.http.HttpServletRequest,java.util.Map<java.lang.String, java.lang.Object>)
2018-09-21 09:22:54,496 [main] INFO  [o.s.w.s.m.m.a.RequestMappingHandlerMapping] AbstractHandlerMethodMapping.java:543 - Mapped "{[/lastn],methods=[GET]}" onto public java.lang.String org.springframework.cloud.netflix.eureka.server.EurekaController.lastn(javax.servlet.http.HttpServletRequest,java.util.Map<java.lang.String, java.lang.Object>)
2018-09-21 09:22:54,522 [main] INFO  [o.s.web.servlet.handler.SimpleUrlHandlerMapping] AbstractUrlHandlerMapping.java:362 - Mapped URL path [/webjars/**] onto handler of type [class org.springframework.web.servlet.resource.ResourceHttpRequestHandler]
2018-09-21 09:22:54,522 [main] INFO  [o.s.web.servlet.handler.SimpleUrlHandlerMapping] AbstractUrlHandlerMapping.java:362 - Mapped URL path [/**] onto handler of type [class org.springframework.web.servlet.resource.ResourceHttpRequestHandler]
2018-09-21 09:22:54,564 [main] INFO  [o.s.web.servlet.handler.SimpleUrlHandlerMapping] AbstractUrlHandlerMapping.java:362 - Mapped URL path [/**/favicon.ico] onto handler of type [class org.springframework.web.servlet.resource.ResourceHttpRequestHandler]
2018-09-21 09:22:55,039 [main] INFO  [o.s.security.web.DefaultSecurityFilterChain] DefaultSecurityFilterChain.java:43 - Creating filter chain: OrRequestMatcher [requestMatchers=[Ant [pattern='/css/**'], Ant [pattern='/js/**'], Ant [pattern='/images/**'], Ant [pattern='/webjars/**'], Ant [pattern='/**/favicon.ico'], Ant [pattern='/error']]], []
2018-09-21 09:22:55,307 [main] INFO  [o.s.b.actuate.endpoint.mvc.EndpointHandlerMapping] AbstractHandlerMethodMapping.java:543 - Mapped "{[/archaius || /archaius.json],methods=[GET],produces=[application/vnd.spring-boot.actuator.v1+json || application/json]}" onto public java.lang.Object org.springframework.boot.actuate.endpoint.mvc.EndpointMvcAdapter.invoke()
2018-09-21 09:22:55,308 [main] INFO  [o.s.b.actuate.endpoint.mvc.EndpointHandlerMapping] AbstractHandlerMethodMapping.java:543 - Mapped "{[/refresh || /refresh.json],methods=[POST]}" onto public java.lang.Object org.springframework.cloud.endpoint.GenericPostableMvcEndpoint.invoke()
2018-09-21 09:22:55,310 [main] INFO  [o.s.b.actuate.endpoint.mvc.EndpointHandlerMapping] AbstractHandlerMethodMapping.java:543 - Mapped "{[/loggers/{name:.*}],methods=[GET],produces=[application/vnd.spring-boot.actuator.v1+json || application/json]}" onto public java.lang.Object org.springframework.boot.actuate.endpoint.mvc.LoggersMvcEndpoint.get(java.lang.String)
2018-09-21 09:22:55,310 [main] INFO  [o.s.b.actuate.endpoint.mvc.EndpointHandlerMapping] AbstractHandlerMethodMapping.java:543 - Mapped "{[/loggers/{name:.*}],methods=[POST],consumes=[application/vnd.spring-boot.actuator.v1+json || application/json],produces=[application/vnd.spring-boot.actuator.v1+json || application/json]}" onto public java.lang.Object org.springframework.boot.actuate.endpoint.mvc.LoggersMvcEndpoint.set(java.lang.String,java.util.Map<java.lang.String, java.lang.String>)
2018-09-21 09:22:55,311 [main] INFO  [o.s.b.actuate.endpoint.mvc.EndpointHandlerMapping] AbstractHandlerMethodMapping.java:543 - Mapped "{[/loggers || /loggers.json],methods=[GET],produces=[application/vnd.spring-boot.actuator.v1+json || application/json]}" onto public java.lang.Object org.springframework.boot.actuate.endpoint.mvc.EndpointMvcAdapter.invoke()
2018-09-21 09:22:55,311 [main] INFO  [o.s.b.actuate.endpoint.mvc.EndpointHandlerMapping] AbstractHandlerMethodMapping.java:543 - Mapped "{[/service-registry/instance-status],methods=[GET]}" onto public org.springframework.http.ResponseEntity org.springframework.cloud.client.serviceregistry.endpoint.ServiceRegistryEndpoint.getStatus()
2018-09-21 09:22:55,312 [main] INFO  [o.s.b.actuate.endpoint.mvc.EndpointHandlerMapping] AbstractHandlerMethodMapping.java:543 - Mapped "{[/service-registry/instance-status],methods=[POST]}" onto public org.springframework.http.ResponseEntity<?> org.springframework.cloud.client.serviceregistry.endpoint.ServiceRegistryEndpoint.setStatus(java.lang.String)
2018-09-21 09:22:55,312 [main] INFO  [o.s.b.actuate.endpoint.mvc.EndpointHandlerMapping] AbstractHandlerMethodMapping.java:543 - Mapped "{[/autoconfig || /autoconfig.json],methods=[GET],produces=[application/vnd.spring-boot.actuator.v1+json || application/json]}" onto public java.lang.Object org.springframework.boot.actuate.endpoint.mvc.EndpointMvcAdapter.invoke()
2018-09-21 09:22:55,313 [main] INFO  [o.s.b.actuate.endpoint.mvc.EndpointHandlerMapping] AbstractHandlerMethodMapping.java:543 - Mapped "{[/health || /health.json],methods=[GET],produces=[application/vnd.spring-boot.actuator.v1+json || application/json]}" onto public java.lang.Object org.springframework.boot.actuate.endpoint.mvc.HealthMvcEndpoint.invoke(javax.servlet.http.HttpServletRequest,java.security.Principal)
2018-09-21 09:22:55,313 [main] INFO  [o.s.b.actuate.endpoint.mvc.EndpointHandlerMapping] AbstractHandlerMethodMapping.java:543 - Mapped "{[/dump || /dump.json],methods=[GET],produces=[application/vnd.spring-boot.actuator.v1+json || application/json]}" onto public java.lang.Object org.springframework.boot.actuate.endpoint.mvc.EndpointMvcAdapter.invoke()
2018-09-21 09:22:55,315 [main] INFO  [o.s.b.actuate.endpoint.mvc.EndpointHandlerMapping] AbstractHandlerMethodMapping.java:543 - Mapped "{[/metrics/{name:.*}],methods=[GET],produces=[application/vnd.spring-boot.actuator.v1+json || application/json]}" onto public java.lang.Object org.springframework.boot.actuate.endpoint.mvc.MetricsMvcEndpoint.value(java.lang.String)
2018-09-21 09:22:55,316 [main] INFO  [o.s.b.actuate.endpoint.mvc.EndpointHandlerMapping] AbstractHandlerMethodMapping.java:543 - Mapped "{[/metrics || /metrics.json],methods=[GET],produces=[application/vnd.spring-boot.actuator.v1+json || application/json]}" onto public java.lang.Object org.springframework.boot.actuate.endpoint.mvc.EndpointMvcAdapter.invoke()
2018-09-21 09:22:55,316 [main] INFO  [o.s.b.actuate.endpoint.mvc.EndpointHandlerMapping] AbstractHandlerMethodMapping.java:543 - Mapped "{[/beans || /beans.json],methods=[GET],produces=[application/vnd.spring-boot.actuator.v1+json || application/json]}" onto public java.lang.Object org.springframework.boot.actuate.endpoint.mvc.EndpointMvcAdapter.invoke()
2018-09-21 09:22:55,317 [main] INFO  [o.s.b.actuate.endpoint.mvc.EndpointHandlerMapping] AbstractHandlerMethodMapping.java:543 - Mapped "{[/configprops || /configprops.json],methods=[GET],produces=[application/vnd.spring-boot.actuator.v1+json || application/json]}" onto public java.lang.Object org.springframework.boot.actuate.endpoint.mvc.EndpointMvcAdapter.invoke()
2018-09-21 09:22:55,318 [main] INFO  [o.s.b.actuate.endpoint.mvc.EndpointHandlerMapping] AbstractHandlerMethodMapping.java:543 - Mapped "{[/features || /features.json],methods=[GET],produces=[application/vnd.spring-boot.actuator.v1+json || application/json]}" onto public java.lang.Object org.springframework.boot.actuate.endpoint.mvc.EndpointMvcAdapter.invoke()
2018-09-21 09:22:55,318 [main] INFO  [o.s.b.actuate.endpoint.mvc.EndpointHandlerMapping] AbstractHandlerMethodMapping.java:543 - Mapped "{[/env/{name:.*}],methods=[GET],produces=[application/vnd.spring-boot.actuator.v1+json || application/json]}" onto public java.lang.Object org.springframework.boot.actuate.endpoint.mvc.EnvironmentMvcEndpoint.value(java.lang.String)
2018-09-21 09:22:55,318 [main] INFO  [o.s.b.actuate.endpoint.mvc.EndpointHandlerMapping] AbstractHandlerMethodMapping.java:543 - Mapped "{[/env || /env.json],methods=[GET],produces=[application/vnd.spring-boot.actuator.v1+json || application/json]}" onto public java.lang.Object org.springframework.boot.actuate.endpoint.mvc.EndpointMvcAdapter.invoke()
2018-09-21 09:22:55,319 [main] INFO  [o.s.b.actuate.endpoint.mvc.EndpointHandlerMapping] AbstractHandlerMethodMapping.java:543 - Mapped "{[/env],methods=[POST]}" onto public java.lang.Object org.springframework.cloud.context.environment.EnvironmentManagerMvcEndpoint.value(java.util.Map<java.lang.String, java.lang.String>)
2018-09-21 09:22:55,319 [main] INFO  [o.s.b.actuate.endpoint.mvc.EndpointHandlerMapping] AbstractHandlerMethodMapping.java:543 - Mapped "{[/env/reset],methods=[POST]}" onto public java.util.Map<java.lang.String, java.lang.Object> org.springframework.cloud.context.environment.EnvironmentManagerMvcEndpoint.reset()
2018-09-21 09:22:55,320 [main] INFO  [o.s.b.actuate.endpoint.mvc.EndpointHandlerMapping] AbstractHandlerMethodMapping.java:543 - Mapped "{[/trace || /trace.json],methods=[GET],produces=[application/vnd.spring-boot.actuator.v1+json || application/json]}" onto public java.lang.Object org.springframework.boot.actuate.endpoint.mvc.EndpointMvcAdapter.invoke()
2018-09-21 09:22:55,320 [main] INFO  [o.s.b.actuate.endpoint.mvc.EndpointHandlerMapping] AbstractHandlerMethodMapping.java:543 - Mapped "{[/heapdump || /heapdump.json],methods=[GET],produces=[application/octet-stream]}" onto public void org.springframework.boot.actuate.endpoint.mvc.HeapdumpMvcEndpoint.invoke(boolean,javax.servlet.http.HttpServletRequest,javax.servlet.http.HttpServletResponse) throws java.io.IOException,javax.servlet.ServletException
2018-09-21 09:22:55,321 [main] INFO  [o.s.b.actuate.endpoint.mvc.EndpointHandlerMapping] AbstractHandlerMethodMapping.java:543 - Mapped "{[/auditevents || /auditevents.json],methods=[GET],produces=[application/vnd.spring-boot.actuator.v1+json || application/json]}" onto public org.springframework.http.ResponseEntity<?> org.springframework.boot.actuate.endpoint.mvc.AuditEventsMvcEndpoint.findByPrincipalAndAfterAndType(java.lang.String,java.util.Date,java.lang.String)
2018-09-21 09:22:55,321 [main] INFO  [o.s.b.actuate.endpoint.mvc.EndpointHandlerMapping] AbstractHandlerMethodMapping.java:543 - Mapped "{[/mappings || /mappings.json],methods=[GET],produces=[application/vnd.spring-boot.actuator.v1+json || application/json]}" onto public java.lang.Object org.springframework.boot.actuate.endpoint.mvc.EndpointMvcAdapter.invoke()
2018-09-21 09:22:55,322 [main] INFO  [o.s.b.actuate.endpoint.mvc.EndpointHandlerMapping] AbstractHandlerMethodMapping.java:543 - Mapped "{[/info || /info.json],methods=[GET],produces=[application/vnd.spring-boot.actuator.v1+json || application/json]}" onto public java.lang.Object org.springframework.boot.actuate.endpoint.mvc.EndpointMvcAdapter.invoke()
2018-09-21 09:22:55,322 [main] INFO  [o.s.security.web.DefaultSecurityFilterChain] DefaultSecurityFilterChain.java:43 - Creating filter chain: org.springframework.boot.actuate.autoconfigure.ManagementWebSecurityAutoConfiguration$LazyEndpointPathRequestMatcher@17ff8810, [org.springframework.security.web.context.request.async.WebAsyncManagerIntegrationFilter@6c951ada, org.springframework.security.web.context.SecurityContextPersistenceFilter@31efacad, org.springframework.security.web.header.HeaderWriterFilter@11f23203, org.springframework.web.filter.CorsFilter@67b61834, org.springframework.security.web.authentication.logout.LogoutFilter@14fc9bd, org.springframework.security.web.authentication.www.BasicAuthenticationFilter@36f6e521, org.springframework.security.web.savedrequest.RequestCacheAwareFilter@38029686, org.springframework.security.web.servletapi.SecurityContextHolderAwareRequestFilter@74960e9d, org.springframework.security.web.authentication.AnonymousAuthenticationFilter@3b0d3a63, org.springframework.security.web.session.SessionManagementFilter@3dc68586, org.springframework.security.web.access.ExceptionTranslationFilter@72557746, org.springframework.security.web.access.intercept.FilterSecurityInterceptor@47df5041]
2018-09-21 09:22:55,325 [main] INFO  [o.s.security.web.DefaultSecurityFilterChain] DefaultSecurityFilterChain.java:43 - Creating filter chain: OrRequestMatcher [requestMatchers=[Ant [pattern='/**']]], [org.springframework.security.web.context.request.async.WebAsyncManagerIntegrationFilter@7558633, org.springframework.security.web.context.SecurityContextPersistenceFilter@28be7fec, org.springframework.security.web.header.HeaderWriterFilter@5c8d58ed, org.springframework.security.web.authentication.logout.LogoutFilter@6de7778f, org.springframework.security.web.authentication.www.BasicAuthenticationFilter@367d34c0, org.springframework.security.web.savedrequest.RequestCacheAwareFilter@26f0141, org.springframework.security.web.servletapi.SecurityContextHolderAwareRequestFilter@34136bd1, org.springframework.security.web.authentication.AnonymousAuthenticationFilter@5657967b, org.springframework.security.web.session.SessionManagementFilter@6a567f7b, org.springframework.security.web.access.ExceptionTranslationFilter@5cfed0ba, org.springframework.security.web.access.intercept.FilterSecurityInterceptor@6c0b51da]
2018-09-21 09:22:55,507 [main] INFO  [o.s.ui.freemarker.SpringTemplateLoader] SpringTemplateLoader.java:61 - SpringTemplateLoader for FreeMarker: using resource loader [org.springframework.boot.context.embedded.AnnotationConfigEmbeddedWebApplicationContext@f9d87b: startup date [Fri Sep 21 09:22:51 CST 2018]; parent: org.springframework.context.annotation.AnnotationConfigApplicationContext@3c77d488] and template loader path [classpath:/templates/]
2018-09-21 09:22:55,508 [main] INFO  [o.s.w.servlet.view.freemarker.FreeMarkerConfigurer] FreeMarkerConfigurer.java:127 - ClassTemplateLoader for Spring macros added to FreeMarker configuration
2018-09-21 09:22:55,621 [main] INFO  [o.s.cloud.netflix.eureka.InstanceInfoFactory] InstanceInfoFactory.java:71 - Setting initial instance status as: STARTING
2018-09-21 09:22:55,644 [main] INFO  [com.netflix.discovery.DiscoveryClient] DiscoveryClient.java:347 - Initializing Eureka in region us-east-1
2018-09-21 09:22:55,645 [main] INFO  [com.netflix.discovery.DiscoveryClient] DiscoveryClient.java:350 - Client configured to neither register nor query for data.
2018-09-21 09:22:55,652 [main] INFO  [com.netflix.discovery.DiscoveryClient] DiscoveryClient.java:363 - Discovery Client initialized at timestamp 1537492975652 with initial instances count: 0
2018-09-21 09:22:55,688 [main] INFO  [com.netflix.eureka.DefaultEurekaServerContext] DefaultEurekaServerContext.java:63 - Initializing ...
2018-09-21 09:22:55,689 [main] WARN  [com.netflix.eureka.cluster.PeerEurekaNodes] PeerEurekaNodes.java:156 - The replica size seems to be empty. Check the route 53 DNS Registry
2018-09-21 09:22:55,703 [main] INFO  [c.netflix.eureka.registry.AbstractInstanceRegistry] AbstractInstanceRegistry.java:152 - Finished initializing remote region registries. All known remote regions: []
2018-09-21 09:22:55,704 [main] INFO  [com.netflix.eureka.DefaultEurekaServerContext] DefaultEurekaServerContext.java:66 - Initialized
2018-09-21 09:22:55,717 [main] WARN  [o.s.c.s.e.s.EurekaServerStarterDeprecationWarningAutoConfiguration] EurekaServerStarterDeprecationWarningAutoConfiguration.java:19 - spring-cloud-starter-eureka-server is deprecated as of Spring Cloud Netflix 1.4.0, please migrate to spring-cloud-starter-netflix-eureka-server
2018-09-21 09:22:55,758 [main] INFO  [o.s.jmx.export.annotation.AnnotationMBeanExporter] MBeanExporter.java:431 - Registering beans for JMX exposure on startup
2018-09-21 09:22:55,766 [main] INFO  [o.s.jmx.export.annotation.AnnotationMBeanExporter] MBeanExporter.java:918 - Bean with name 'configurationPropertiesRebinder' has been autodetected for JMX exposure
2018-09-21 09:22:55,767 [main] INFO  [o.s.jmx.export.annotation.AnnotationMBeanExporter] MBeanExporter.java:918 - Bean with name 'refreshEndpoint' has been autodetected for JMX exposure
2018-09-21 09:22:55,767 [main] INFO  [o.s.jmx.export.annotation.AnnotationMBeanExporter] MBeanExporter.java:918 - Bean with name 'environmentManager' has been autodetected for JMX exposure
2018-09-21 09:22:55,768 [main] INFO  [o.s.jmx.export.annotation.AnnotationMBeanExporter] MBeanExporter.java:918 - Bean with name 'serviceRegistryEndpoint' has been autodetected for JMX exposure
2018-09-21 09:22:55,769 [main] INFO  [o.s.jmx.export.annotation.AnnotationMBeanExporter] MBeanExporter.java:918 - Bean with name 'refreshScope' has been autodetected for JMX exposure
2018-09-21 09:22:55,771 [main] INFO  [o.s.jmx.export.annotation.AnnotationMBeanExporter] MBeanExporter.java:679 - Located managed bean 'environmentManager': registering with JMX server as MBean [org.springframework.cloud.context.environment:name=environmentManager,type=EnvironmentManager]
2018-09-21 09:22:55,782 [main] INFO  [o.s.jmx.export.annotation.AnnotationMBeanExporter] MBeanExporter.java:679 - Located managed bean 'serviceRegistryEndpoint': registering with JMX server as MBean [org.springframework.cloud.client.serviceregistry.endpoint:name=serviceRegistryEndpoint,type=ServiceRegistryEndpoint]
2018-09-21 09:22:55,790 [main] INFO  [o.s.jmx.export.annotation.AnnotationMBeanExporter] MBeanExporter.java:679 - Located managed bean 'refreshScope': registering with JMX server as MBean [org.springframework.cloud.context.scope.refresh:name=refreshScope,type=RefreshScope]
2018-09-21 09:22:55,800 [main] INFO  [o.s.jmx.export.annotation.AnnotationMBeanExporter] MBeanExporter.java:679 - Located managed bean 'configurationPropertiesRebinder': registering with JMX server as MBean [org.springframework.cloud.context.properties:name=configurationPropertiesRebinder,context=f9d87b,type=ConfigurationPropertiesRebinder]
2018-09-21 09:22:55,806 [main] INFO  [o.s.jmx.export.annotation.AnnotationMBeanExporter] MBeanExporter.java:679 - Located managed bean 'refreshEndpoint': registering with JMX server as MBean [org.springframework.cloud.endpoint:name=refreshEndpoint,type=RefreshEndpoint]
2018-09-21 09:22:55,808 [main] INFO  [o.s.b.actuate.endpoint.jmx.EndpointMBeanExporter] MBeanExporter.java:431 - Registering beans for JMX exposure on startup
2018-09-21 09:22:55,816 [main] INFO  [o.s.context.support.DefaultLifecycleProcessor] DefaultLifecycleProcessor.java:341 - Starting beans in phase 0
2018-09-21 09:22:55,822 [main] INFO  [o.s.c.n.e.serviceregistry.EurekaServiceRegistry] EurekaServiceRegistry.java:40 - Registering application rain-eureka-server with eureka with status UP
2018-09-21 09:22:55,825 [main] INFO  [o.s.b.actuate.endpoint.jmx.EndpointMBeanExporter] MBeanExporter.java:679 - Located managed bean 'auditEventsEndpoint': registering with JMX server as MBean [org.springframework.boot:type=Endpoint,name=auditEventsEndpoint]
2018-09-21 09:22:55,829 [main] INFO  [o.s.b.actuate.endpoint.jmx.EndpointMBeanExporter] MBeanExporter.java:679 - Located managed bean 'archaiusEndpoint': registering with JMX server as MBean [org.springframework.boot:type=Endpoint,name=archaiusEndpoint]
2018-09-21 09:22:55,835 [main] INFO  [o.s.b.actuate.endpoint.jmx.EndpointMBeanExporter] MBeanExporter.java:679 - Located managed bean 'featuresEndpoint': registering with JMX server as MBean [org.springframework.boot:type=Endpoint,name=featuresEndpoint]
2018-09-21 09:22:55,836 [main] INFO  [o.s.b.actuate.endpoint.jmx.EndpointMBeanExporter] MBeanExporter.java:679 - Located managed bean 'requestMappingEndpoint': registering with JMX server as MBean [org.springframework.boot:type=Endpoint,name=requestMappingEndpoint]
2018-09-21 09:22:55,838 [main] INFO  [o.s.b.actuate.endpoint.jmx.EndpointMBeanExporter] MBeanExporter.java:679 - Located managed bean 'environmentEndpoint': registering with JMX server as MBean [org.springframework.boot:type=Endpoint,name=environmentEndpoint]
2018-09-21 09:22:55,839 [main] INFO  [o.s.b.actuate.endpoint.jmx.EndpointMBeanExporter] MBeanExporter.java:679 - Located managed bean 'healthEndpoint': registering with JMX server as MBean [org.springframework.boot:type=Endpoint,name=healthEndpoint]
2018-09-21 09:22:55,842 [main] INFO  [o.s.b.actuate.endpoint.jmx.EndpointMBeanExporter] MBeanExporter.java:679 - Located managed bean 'beansEndpoint': registering with JMX server as MBean [org.springframework.boot:type=Endpoint,name=beansEndpoint]
2018-09-21 09:22:55,843 [main] INFO  [o.s.b.actuate.endpoint.jmx.EndpointMBeanExporter] MBeanExporter.java:679 - Located managed bean 'infoEndpoint': registering with JMX server as MBean [org.springframework.boot:type=Endpoint,name=infoEndpoint]
2018-09-21 09:22:55,845 [main] INFO  [o.s.b.actuate.endpoint.jmx.EndpointMBeanExporter] MBeanExporter.java:679 - Located managed bean 'loggersEndpoint': registering with JMX server as MBean [org.springframework.boot:type=Endpoint,name=loggersEndpoint]
2018-09-21 09:22:55,848 [main] INFO  [o.s.b.actuate.endpoint.jmx.EndpointMBeanExporter] MBeanExporter.java:679 - Located managed bean 'metricsEndpoint': registering with JMX server as MBean [org.springframework.boot:type=Endpoint,name=metricsEndpoint]
2018-09-21 09:22:55,850 [main] INFO  [o.s.b.actuate.endpoint.jmx.EndpointMBeanExporter] MBeanExporter.java:679 - Located managed bean 'traceEndpoint': registering with JMX server as MBean [org.springframework.boot:type=Endpoint,name=traceEndpoint]
2018-09-21 09:22:55,851 [main] INFO  [o.s.b.actuate.endpoint.jmx.EndpointMBeanExporter] MBeanExporter.java:679 - Located managed bean 'dumpEndpoint': registering with JMX server as MBean [org.springframework.boot:type=Endpoint,name=dumpEndpoint]
2018-09-21 09:22:55,852 [main] INFO  [o.s.b.actuate.endpoint.jmx.EndpointMBeanExporter] MBeanExporter.java:679 - Located managed bean 'autoConfigurationReportEndpoint': registering with JMX server as MBean [org.springframework.boot:type=Endpoint,name=autoConfigurationReportEndpoint]
2018-09-21 09:22:55,853 [main] INFO  [o.s.b.actuate.endpoint.jmx.EndpointMBeanExporter] MBeanExporter.java:679 - Located managed bean 'configurationPropertiesReportEndpoint': registering with JMX server as MBean [org.springframework.boot:type=Endpoint,name=configurationPropertiesReportEndpoint]
2018-09-21 09:22:55,855 [Thread-11] INFO  [o.s.c.netflix.eureka.server.EurekaServerBootstrap] EurekaServerBootstrap.java:109 - Setting the eureka configuration..
2018-09-21 09:22:55,855 [Thread-11] INFO  [o.s.c.netflix.eureka.server.EurekaServerBootstrap] EurekaServerBootstrap.java:114 - Eureka data center value eureka.datacenter is not set, defaulting to default
2018-09-21 09:22:55,855 [Thread-11] INFO  [o.s.c.netflix.eureka.server.EurekaServerBootstrap] EurekaServerBootstrap.java:128 - Eureka environment value eureka.environment is not set, defaulting to test
2018-09-21 09:22:55,871 [Thread-11] INFO  [o.s.c.netflix.eureka.server.EurekaServerBootstrap] EurekaServerBootstrap.java:184 - isAws returned false
2018-09-21 09:22:55,872 [Thread-11] INFO  [o.s.c.netflix.eureka.server.EurekaServerBootstrap] EurekaServerBootstrap.java:152 - Initialized server context
2018-09-21 09:22:55,873 [Thread-11] INFO  [c.n.eureka.registry.PeerAwareInstanceRegistryImpl] PeerAwareInstanceRegistryImpl.java:242 - Got 1 instances from neighboring DS node
2018-09-21 09:22:55,873 [Thread-11] INFO  [c.n.eureka.registry.PeerAwareInstanceRegistryImpl] PeerAwareInstanceRegistryImpl.java:243 - Renew threshold is: 1
2018-09-21 09:22:55,873 [Thread-11] INFO  [c.n.eureka.registry.PeerAwareInstanceRegistryImpl] PeerAwareInstanceRegistryImpl.java:254 - Changing status to UP
2018-09-21 09:22:55,875 [main] INFO  [org.apache.coyote.http11.Http11NioProtocol] DirectJDKLog.java:180 - Starting ProtocolHandler ["http-nio-1025"]
2018-09-21 09:22:55,883 [Thread-11] INFO  [o.s.c.n.e.s.EurekaServerInitializerConfiguration] EurekaServerInitializerConfiguration.java:72 - Started Eureka Server
2018-09-21 09:22:55,886 [main] INFO  [org.apache.tomcat.util.net.NioSelectorPool] DirectJDKLog.java:180 - Using a shared selector for servlet write/read
2018-09-21 09:22:55,896 [main] INFO  [o.s.b.c.e.tomcat.TomcatEmbeddedServletContainer] TomcatEmbeddedServletContainer.java:216 - Tomcat started on port(s): 1025 (http)
2018-09-21 09:22:55,897 [main] INFO  [o.s.c.n.e.s.EurekaAutoServiceRegistration] EurekaAutoServiceRegistration.java:124 - Updating port to 1025
2018-09-21 09:22:55,901 [main] INFO  [com.github.rain.eureka.RainEurekaApplication] StartupInfoLogger.java:57 - Started RainEurekaApplication in 6.127 seconds (JVM running for 6.787)
2018-09-21 09:23:00,875 [Eureka-EvictionTimer] INFO  [c.netflix.eureka.registry.AbstractInstanceRegistry] AbstractInstanceRegistry.java:1255 - Running the evict task with compensationTime 0ms
2018-09-21 09:23:05,876 [Eureka-EvictionTimer] INFO  [c.netflix.eureka.registry.AbstractInstanceRegistry] AbstractInstanceRegistry.java:1255 - Running the evict task with compensationTime 0ms
2018-09-21 09:23:08,320 [http-nio-1025-exec-1] INFO  [o.a.c.core.ContainerBase.[Tomcat].[localhost].[/]] DirectJDKLog.java:180 - Initializing Spring FrameworkServlet 'dispatcherServlet'
2018-09-21 09:23:08,321 [http-nio-1025-exec-1] INFO  [org.springframework.web.servlet.DispatcherServlet] FrameworkServlet.java:489 - FrameworkServlet 'dispatcherServlet': initialization started
2018-09-21 09:23:08,355 [http-nio-1025-exec-1] INFO  [org.springframework.web.servlet.DispatcherServlet] FrameworkServlet.java:508 - FrameworkServlet 'dispatcherServlet': initialization completed in 34 ms
2018-09-21 09:23:10,877 [Eureka-EvictionTimer] INFO  [c.netflix.eureka.registry.AbstractInstanceRegistry] AbstractInstanceRegistry.java:1255 - Running the evict task with compensationTime 0ms
2018-09-21 09:23:15,877 [Eureka-EvictionTimer] INFO  [c.netflix.eureka.registry.AbstractInstanceRegistry] AbstractInstanceRegistry.java:1255 - Running the evict task with compensationTime 0ms
2018-09-21 09:23:20,877 [Eureka-EvictionTimer] INFO  [c.netflix.eureka.registry.AbstractInstanceRegistry] AbstractInstanceRegistry.java:1255 - Running the evict task with compensationTime 0ms
2018-09-21 09:23:25,877 [Eureka-EvictionTimer] INFO  [c.netflix.eureka.registry.AbstractInstanceRegistry] AbstractInstanceRegistry.java:1255 - Running the evict task with compensationTime 0ms
2018-09-21 09:23:30,877 [Eureka-EvictionTimer] INFO  [c.netflix.eureka.registry.AbstractInstanceRegistry] AbstractInstanceRegistry.java:1255 - Running the evict task with compensationTime 0ms
2018-09-21 09:23:35,878 [Eureka-EvictionTimer] INFO  [c.netflix.eureka.registry.AbstractInstanceRegistry] AbstractInstanceRegistry.java:1255 - Running the evict task with compensationTime 0ms
2018-09-21 09:23:37,265 [RMI TCP Connection(2)-127.0.0.1] INFO  [o.s.b.a.SpringApplicationAdminMXBeanRegistrar$SpringApplicationAdmin] SpringApplicationAdminMXBeanRegistrar.java:125 - Application shutdown requested.
2018-09-21 09:23:37,265 [RMI TCP Connection(2)-127.0.0.1] INFO  [o.s.b.c.e.AnnotationConfigEmbeddedWebApplicationContext] AbstractApplicationContext.java:984 - Closing org.springframework.boot.context.embedded.AnnotationConfigEmbeddedWebApplicationContext@f9d87b: startup date [Fri Sep 21 09:22:51 CST 2018]; parent: org.springframework.context.annotation.AnnotationConfigApplicationContext@3c77d488
2018-09-21 09:23:37,266 [RMI TCP Connection(2)-127.0.0.1] INFO  [o.s.c.n.e.serviceregistry.EurekaServiceRegistry] EurekaServiceRegistry.java:64 - Unregistering application rain-eureka-server with eureka with status DOWN
2018-09-21 09:23:37,267 [RMI TCP Connection(2)-127.0.0.1] INFO  [o.s.context.support.DefaultLifecycleProcessor] DefaultLifecycleProcessor.java:356 - Stopping beans in phase 0
2018-09-21 09:23:37,268 [RMI TCP Connection(2)-127.0.0.1] INFO  [com.netflix.eureka.DefaultEurekaServerContext] DefaultEurekaServerContext.java:72 - Shutting down ...
2018-09-21 09:23:37,271 [RMI TCP Connection(2)-127.0.0.1] INFO  [com.netflix.eureka.DefaultEurekaServerContext] DefaultEurekaServerContext.java:75 - Shut down
2018-09-21 09:23:37,273 [RMI TCP Connection(2)-127.0.0.1] INFO  [o.s.b.actuate.endpoint.jmx.EndpointMBeanExporter] MBeanExporter.java:449 - Unregistering JMX-exposed beans on shutdown
2018-09-21 09:23:37,274 [RMI TCP Connection(2)-127.0.0.1] INFO  [o.s.b.actuate.endpoint.jmx.EndpointMBeanExporter] MBeanRegistrationSupport.java:241 - Unregistering JMX-exposed beans
2018-09-21 09:23:37,274 [RMI TCP Connection(2)-127.0.0.1] INFO  [o.s.jmx.export.annotation.AnnotationMBeanExporter] MBeanExporter.java:449 - Unregistering JMX-exposed beans on shutdown
2018-09-21 09:23:37,274 [RMI TCP Connection(2)-127.0.0.1] INFO  [o.s.jmx.export.annotation.AnnotationMBeanExporter] MBeanRegistrationSupport.java:241 - Unregistering JMX-exposed beans
2018-09-21 09:23:37,277 [RMI TCP Connection(2)-127.0.0.1] INFO  [com.netflix.discovery.DiscoveryClient] DiscoveryClient.java:866 - Shutting down DiscoveryClient ...
2018-09-21 09:23:37,277 [RMI TCP Connection(2)-127.0.0.1] INFO  [com.netflix.discovery.DiscoveryClient] DiscoveryClient.java:887 - Completed shut down of DiscoveryClient
2018-09-21 09:23:37,278 [RMI TCP Connection(2)-127.0.0.1] INFO  [org.apache.coyote.http11.Http11NioProtocol] DirectJDKLog.java:180 - Pausing ProtocolHandler ["http-nio-1025"]
2018-09-21 09:23:37,355 [RMI TCP Connection(2)-127.0.0.1] INFO  [org.apache.catalina.core.StandardService] DirectJDKLog.java:180 - Stopping service [Tomcat]
2018-09-21 09:23:37,369 [localhost-startStop-2] INFO  [o.a.c.core.ContainerBase.[Tomcat].[localhost].[/]] DirectJDKLog.java:180 - Destroying Spring FrameworkServlet 'dispatcherServlet'
2018-09-21 09:23:37,375 [RMI TCP Connection(2)-127.0.0.1] INFO  [org.apache.coyote.http11.Http11NioProtocol] DirectJDKLog.java:180 - Stopping ProtocolHandler ["http-nio-1025"]
2018-09-21 09:23:37,378 [RMI TCP Connection(2)-127.0.0.1] INFO  [org.apache.coyote.http11.Http11NioProtocol] DirectJDKLog.java:180 - Destroying ProtocolHandler ["http-nio-1025"]
2018-09-21 09:33:14,188 [main] INFO  [o.s.c.a.AnnotationConfigApplicationContext] AbstractApplicationContext.java:583 - Refreshing org.springframework.context.annotation.AnnotationConfigApplicationContext@6574a52c: startup date [Fri Sep 21 09:33:14 CST 2018]; root of context hierarchy
2018-09-21 09:33:14,407 [main] INFO  [o.s.b.f.a.AutowiredAnnotationBeanPostProcessor] AutowiredAnnotationBeanPostProcessor.java:155 - JSR-330 'javax.inject.Inject' annotation found and supported for autowiring
2018-09-21 09:33:14,419 [background-preinit] INFO  [org.hibernate.validator.internal.util.Version] Version.java:30 - HV000001: Hibernate Validator 5.4.1.Final
2018-09-21 09:33:14,428 [main] INFO  [o.s.c.s.PostProcessorRegistrationDelegate$BeanPostProcessorChecker] PostProcessorRegistrationDelegate.java:327 - Bean 'configurationPropertiesRebinderAutoConfiguration' of type [org.springframework.cloud.autoconfigure.ConfigurationPropertiesRebinderAutoConfiguration$$EnhancerBySpringCGLIB$$eb843335] is not eligible for getting processed by all BeanPostProcessors (for example: not eligible for auto-proxying)
2018-09-21 09:33:14,692 [main] INFO  [o.s.c.c.client.ConfigServicePropertySourceLocator] ConfigServicePropertySourceLocator.java:82 - Fetching config from server at: http://localhost:8888
2018-09-21 09:33:15,760 [main] WARN  [o.s.c.c.client.ConfigServicePropertySourceLocator] ConfigServicePropertySourceLocator.java:136 - Could not locate PropertySource: I/O error on GET request for "http://localhost:8888/rain-eureka-server/default": Connection refused: connect; nested exception is java.net.ConnectException: Connection refused: connect
2018-09-21 09:33:15,761 [main] INFO  [com.github.rain.eureka.RainEurekaApplication] SpringApplication.java:593 - No active profile set, falling back to default profiles: default
2018-09-21 09:33:15,770 [main] INFO  [o.s.b.c.e.AnnotationConfigEmbeddedWebApplicationContext] AbstractApplicationContext.java:583 - Refreshing org.springframework.boot.context.embedded.AnnotationConfigEmbeddedWebApplicationContext@52500920: startup date [Fri Sep 21 09:33:15 CST 2018]; parent: org.springframework.context.annotation.AnnotationConfigApplicationContext@6574a52c
2018-09-21 09:33:16,461 [main] INFO  [o.springframework.cloud.context.scope.GenericScope] GenericScope.java:289 - BeanFactory id=604bef54-d147-3633-a108-a34a9609add2
2018-09-21 09:33:16,470 [main] INFO  [o.s.b.f.a.AutowiredAnnotationBeanPostProcessor] AutowiredAnnotationBeanPostProcessor.java:155 - JSR-330 'javax.inject.Inject' annotation found and supported for autowiring
2018-09-21 09:33:16,504 [main] INFO  [o.s.c.s.PostProcessorRegistrationDelegate$BeanPostProcessorChecker] PostProcessorRegistrationDelegate.java:327 - Bean 'org.springframework.cloud.autoconfigure.ConfigurationPropertiesRebinderAutoConfiguration' of type [org.springframework.cloud.autoconfigure.ConfigurationPropertiesRebinderAutoConfiguration$$EnhancerBySpringCGLIB$$eb843335] is not eligible for getting processed by all BeanPostProcessors (for example: not eligible for auto-proxying)
2018-09-21 09:33:16,739 [main] INFO  [o.s.b.c.e.tomcat.TomcatEmbeddedServletContainer] TomcatEmbeddedServletContainer.java:92 - Tomcat initialized with port(s): 1025 (http)
2018-09-21 09:33:16,752 [main] INFO  [org.apache.coyote.http11.Http11NioProtocol] DirectJDKLog.java:180 - Initializing ProtocolHandler ["http-nio-1025"]
2018-09-21 09:33:16,759 [main] INFO  [org.apache.catalina.core.StandardService] DirectJDKLog.java:180 - Starting service [Tomcat]
2018-09-21 09:33:16,760 [main] INFO  [org.apache.catalina.core.StandardEngine] DirectJDKLog.java:180 - Starting Servlet Engine: Apache Tomcat/8.5.32
2018-09-21 09:33:16,924 [localhost-startStop-1] INFO  [o.a.c.core.ContainerBase.[Tomcat].[localhost].[/]] DirectJDKLog.java:180 - Initializing Spring embedded WebApplicationContext
2018-09-21 09:33:16,924 [localhost-startStop-1] INFO  [org.springframework.web.context.ContextLoader] EmbeddedWebApplicationContext.java:276 - Root WebApplicationContext: initialization completed in 1154 ms
2018-09-21 09:33:17,639 [localhost-startStop-1] INFO  [o.s.boot.web.servlet.FilterRegistrationBean] AbstractFilterRegistrationBean.java:259 - Mapping filter: 'metricsFilter' to: [/*]
2018-09-21 09:33:17,639 [localhost-startStop-1] INFO  [o.s.boot.web.servlet.FilterRegistrationBean] AbstractFilterRegistrationBean.java:259 - Mapping filter: 'characterEncodingFilter' to: [/*]
2018-09-21 09:33:17,640 [localhost-startStop-1] INFO  [o.s.boot.web.servlet.FilterRegistrationBean] AbstractFilterRegistrationBean.java:259 - Mapping filter: 'hiddenHttpMethodFilter' to: [/*]
2018-09-21 09:33:17,640 [localhost-startStop-1] INFO  [o.s.boot.web.servlet.FilterRegistrationBean] AbstractFilterRegistrationBean.java:259 - Mapping filter: 'httpPutFormContentFilter' to: [/*]
2018-09-21 09:33:17,640 [localhost-startStop-1] INFO  [o.s.boot.web.servlet.FilterRegistrationBean] AbstractFilterRegistrationBean.java:259 - Mapping filter: 'requestContextFilter' to: [/*]
2018-09-21 09:33:17,641 [localhost-startStop-1] INFO  [o.s.b.w.s.DelegatingFilterProxyRegistrationBean] AbstractFilterRegistrationBean.java:259 - Mapping filter: 'springSecurityFilterChain' to: [/*]
2018-09-21 09:33:17,641 [localhost-startStop-1] INFO  [o.s.boot.web.servlet.FilterRegistrationBean] AbstractFilterRegistrationBean.java:259 - Mapping filter: 'webRequestTraceFilter' to: [/*]
2018-09-21 09:33:17,641 [localhost-startStop-1] INFO  [o.s.boot.web.servlet.FilterRegistrationBean] AbstractFilterRegistrationBean.java:272 - Mapping filter: 'servletContainer' to urls: [/eureka/*]
2018-09-21 09:33:17,642 [localhost-startStop-1] INFO  [o.s.boot.web.servlet.FilterRegistrationBean] AbstractFilterRegistrationBean.java:259 - Mapping filter: 'applicationContextIdFilter' to: [/*]
2018-09-21 09:33:17,642 [localhost-startStop-1] INFO  [o.s.boot.web.servlet.ServletRegistrationBean] ServletRegistrationBean.java:191 - Mapping servlet: 'dispatcherServlet' to [/]
2018-09-21 09:33:17,716 [localhost-startStop-1] INFO  [c.s.j.server.impl.application.WebApplicationImpl] WebApplicationImpl.java:815 - Initiating Jersey application, version 'Jersey: 1.19.1 03/11/2016 02:08 PM'
2018-09-21 09:33:17,780 [localhost-startStop-1] INFO  [c.n.discovery.provider.DiscoveryJerseyProvider] DiscoveryJerseyProvider.java:70 - Using JSON encoding codec LegacyJacksonJson
2018-09-21 09:33:17,781 [localhost-startStop-1] INFO  [c.n.discovery.provider.DiscoveryJerseyProvider] DiscoveryJerseyProvider.java:71 - Using JSON decoding codec LegacyJacksonJson
2018-09-21 09:33:17,869 [localhost-startStop-1] INFO  [c.n.discovery.provider.DiscoveryJerseyProvider] DiscoveryJerseyProvider.java:80 - Using XML encoding codec XStreamXml
2018-09-21 09:33:17,869 [localhost-startStop-1] INFO  [c.n.discovery.provider.DiscoveryJerseyProvider] DiscoveryJerseyProvider.java:81 - Using XML decoding codec XStreamXml
2018-09-21 09:33:18,198 [main] WARN  [com.netflix.config.sources.URLConfigurationSource] URLConfigurationSource.java:121 - No URLs will be polled as dynamic configuration sources.
2018-09-21 09:33:18,199 [main] INFO  [com.netflix.config.sources.URLConfigurationSource] URLConfigurationSource.java:122 - To enable URLs as dynamic configuration sources, define System property archaius.configurationSource.additionalUrls or make config.properties available on classpath.
2018-09-21 09:33:18,203 [main] WARN  [com.netflix.config.sources.URLConfigurationSource] URLConfigurationSource.java:121 - No URLs will be polled as dynamic configuration sources.
2018-09-21 09:33:18,203 [main] INFO  [com.netflix.config.sources.URLConfigurationSource] URLConfigurationSource.java:122 - To enable URLs as dynamic configuration sources, define System property archaius.configurationSource.additionalUrls or make config.properties available on classpath.
2018-09-21 09:33:18,400 [main] INFO  [o.s.w.s.m.m.a.RequestMappingHandlerAdapter] RequestMappingHandlerAdapter.java:534 - Looking for @ControllerAdvice: org.springframework.boot.context.embedded.AnnotationConfigEmbeddedWebApplicationContext@52500920: startup date [Fri Sep 21 09:33:15 CST 2018]; parent: org.springframework.context.annotation.AnnotationConfigApplicationContext@6574a52c
2018-09-21 09:33:18,448 [main] INFO  [o.s.w.s.m.m.a.RequestMappingHandlerMapping] AbstractHandlerMethodMapping.java:543 - Mapped "{[/error]}" onto public org.springframework.http.ResponseEntity<java.util.Map<java.lang.String, java.lang.Object>> org.springframework.boot.autoconfigure.web.BasicErrorController.error(javax.servlet.http.HttpServletRequest)
2018-09-21 09:33:18,450 [main] INFO  [o.s.w.s.m.m.a.RequestMappingHandlerMapping] AbstractHandlerMethodMapping.java:543 - Mapped "{[/error],produces=[text/html]}" onto public org.springframework.web.servlet.ModelAndView org.springframework.boot.autoconfigure.web.BasicErrorController.errorHtml(javax.servlet.http.HttpServletRequest,javax.servlet.http.HttpServletResponse)
2018-09-21 09:33:18,454 [main] INFO  [o.s.w.s.m.m.a.RequestMappingHandlerMapping] AbstractHandlerMethodMapping.java:543 - Mapped "{[/],methods=[GET]}" onto public java.lang.String org.springframework.cloud.netflix.eureka.server.EurekaController.status(javax.servlet.http.HttpServletRequest,java.util.Map<java.lang.String, java.lang.Object>)
2018-09-21 09:33:18,455 [main] INFO  [o.s.w.s.m.m.a.RequestMappingHandlerMapping] AbstractHandlerMethodMapping.java:543 - Mapped "{[/lastn],methods=[GET]}" onto public java.lang.String org.springframework.cloud.netflix.eureka.server.EurekaController.lastn(javax.servlet.http.HttpServletRequest,java.util.Map<java.lang.String, java.lang.Object>)
2018-09-21 09:33:18,477 [main] INFO  [o.s.web.servlet.handler.SimpleUrlHandlerMapping] AbstractUrlHandlerMapping.java:362 - Mapped URL path [/webjars/**] onto handler of type [class org.springframework.web.servlet.resource.ResourceHttpRequestHandler]
2018-09-21 09:33:18,478 [main] INFO  [o.s.web.servlet.handler.SimpleUrlHandlerMapping] AbstractUrlHandlerMapping.java:362 - Mapped URL path [/**] onto handler of type [class org.springframework.web.servlet.resource.ResourceHttpRequestHandler]
2018-09-21 09:33:18,508 [main] INFO  [o.s.web.servlet.handler.SimpleUrlHandlerMapping] AbstractUrlHandlerMapping.java:362 - Mapped URL path [/**/favicon.ico] onto handler of type [class org.springframework.web.servlet.resource.ResourceHttpRequestHandler]
2018-09-21 09:33:18,980 [main] INFO  [o.s.security.web.DefaultSecurityFilterChain] DefaultSecurityFilterChain.java:43 - Creating filter chain: OrRequestMatcher [requestMatchers=[Ant [pattern='/css/**'], Ant [pattern='/js/**'], Ant [pattern='/images/**'], Ant [pattern='/webjars/**'], Ant [pattern='/**/favicon.ico'], Ant [pattern='/error']]], []
2018-09-21 09:33:19,251 [main] INFO  [o.s.b.actuate.endpoint.mvc.EndpointHandlerMapping] AbstractHandlerMethodMapping.java:543 - Mapped "{[/health || /health.json],methods=[GET],produces=[application/vnd.spring-boot.actuator.v1+json || application/json]}" onto public java.lang.Object org.springframework.boot.actuate.endpoint.mvc.HealthMvcEndpoint.invoke(javax.servlet.http.HttpServletRequest,java.security.Principal)
2018-09-21 09:33:19,252 [main] INFO  [o.s.b.actuate.endpoint.mvc.EndpointHandlerMapping] AbstractHandlerMethodMapping.java:543 - Mapped "{[/trace || /trace.json],methods=[GET],produces=[application/vnd.spring-boot.actuator.v1+json || application/json]}" onto public java.lang.Object org.springframework.boot.actuate.endpoint.mvc.EndpointMvcAdapter.invoke()
2018-09-21 09:33:19,252 [main] INFO  [o.s.b.actuate.endpoint.mvc.EndpointHandlerMapping] AbstractHandlerMethodMapping.java:543 - Mapped "{[/configprops || /configprops.json],methods=[GET],produces=[application/vnd.spring-boot.actuator.v1+json || application/json]}" onto public java.lang.Object org.springframework.boot.actuate.endpoint.mvc.EndpointMvcAdapter.invoke()
2018-09-21 09:33:19,253 [main] INFO  [o.s.b.actuate.endpoint.mvc.EndpointHandlerMapping] AbstractHandlerMethodMapping.java:543 - Mapped "{[/mappings || /mappings.json],methods=[GET],produces=[application/vnd.spring-boot.actuator.v1+json || application/json]}" onto public java.lang.Object org.springframework.boot.actuate.endpoint.mvc.EndpointMvcAdapter.invoke()
2018-09-21 09:33:19,254 [main] INFO  [o.s.b.actuate.endpoint.mvc.EndpointHandlerMapping] AbstractHandlerMethodMapping.java:543 - Mapped "{[/beans || /beans.json],methods=[GET],produces=[application/vnd.spring-boot.actuator.v1+json || application/json]}" onto public java.lang.Object org.springframework.boot.actuate.endpoint.mvc.EndpointMvcAdapter.invoke()
2018-09-21 09:33:19,255 [main] INFO  [o.s.b.actuate.endpoint.mvc.EndpointHandlerMapping] AbstractHandlerMethodMapping.java:543 - Mapped "{[/dump || /dump.json],methods=[GET],produces=[application/vnd.spring-boot.actuator.v1+json || application/json]}" onto public java.lang.Object org.springframework.boot.actuate.endpoint.mvc.EndpointMvcAdapter.invoke()
2018-09-21 09:33:19,257 [main] INFO  [o.s.b.actuate.endpoint.mvc.EndpointHandlerMapping] AbstractHandlerMethodMapping.java:543 - Mapped "{[/features || /features.json],methods=[GET],produces=[application/vnd.spring-boot.actuator.v1+json || application/json]}" onto public java.lang.Object org.springframework.boot.actuate.endpoint.mvc.EndpointMvcAdapter.invoke()
2018-09-21 09:33:19,258 [main] INFO  [o.s.b.actuate.endpoint.mvc.EndpointHandlerMapping] AbstractHandlerMethodMapping.java:543 - Mapped "{[/info || /info.json],methods=[GET],produces=[application/vnd.spring-boot.actuator.v1+json || application/json]}" onto public java.lang.Object org.springframework.boot.actuate.endpoint.mvc.EndpointMvcAdapter.invoke()
2018-09-21 09:33:19,259 [main] INFO  [o.s.b.actuate.endpoint.mvc.EndpointHandlerMapping] AbstractHandlerMethodMapping.java:543 - Mapped "{[/service-registry/instance-status],methods=[POST]}" onto public org.springframework.http.ResponseEntity<?> org.springframework.cloud.client.serviceregistry.endpoint.ServiceRegistryEndpoint.setStatus(java.lang.String)
2018-09-21 09:33:19,259 [main] INFO  [o.s.b.actuate.endpoint.mvc.EndpointHandlerMapping] AbstractHandlerMethodMapping.java:543 - Mapped "{[/service-registry/instance-status],methods=[GET]}" onto public org.springframework.http.ResponseEntity org.springframework.cloud.client.serviceregistry.endpoint.ServiceRegistryEndpoint.getStatus()
2018-09-21 09:33:19,260 [main] INFO  [o.s.b.actuate.endpoint.mvc.EndpointHandlerMapping] AbstractHandlerMethodMapping.java:543 - Mapped "{[/archaius || /archaius.json],methods=[GET],produces=[application/vnd.spring-boot.actuator.v1+json || application/json]}" onto public java.lang.Object org.springframework.boot.actuate.endpoint.mvc.EndpointMvcAdapter.invoke()
2018-09-21 09:33:19,261 [main] INFO  [o.s.b.actuate.endpoint.mvc.EndpointHandlerMapping] AbstractHandlerMethodMapping.java:543 - Mapped "{[/metrics/{name:.*}],methods=[GET],produces=[application/vnd.spring-boot.actuator.v1+json || application/json]}" onto public java.lang.Object org.springframework.boot.actuate.endpoint.mvc.MetricsMvcEndpoint.value(java.lang.String)
2018-09-21 09:33:19,261 [main] INFO  [o.s.b.actuate.endpoint.mvc.EndpointHandlerMapping] AbstractHandlerMethodMapping.java:543 - Mapped "{[/metrics || /metrics.json],methods=[GET],produces=[application/vnd.spring-boot.actuator.v1+json || application/json]}" onto public java.lang.Object org.springframework.boot.actuate.endpoint.mvc.EndpointMvcAdapter.invoke()
2018-09-21 09:33:19,262 [main] INFO  [o.s.b.actuate.endpoint.mvc.EndpointHandlerMapping] AbstractHandlerMethodMapping.java:543 - Mapped "{[/refresh || /refresh.json],methods=[POST]}" onto public java.lang.Object org.springframework.cloud.endpoint.GenericPostableMvcEndpoint.invoke()
2018-09-21 09:33:19,262 [main] INFO  [o.s.b.actuate.endpoint.mvc.EndpointHandlerMapping] AbstractHandlerMethodMapping.java:543 - Mapped "{[/autoconfig || /autoconfig.json],methods=[GET],produces=[application/vnd.spring-boot.actuator.v1+json || application/json]}" onto public java.lang.Object org.springframework.boot.actuate.endpoint.mvc.EndpointMvcAdapter.invoke()
2018-09-21 09:33:19,263 [main] INFO  [o.s.b.actuate.endpoint.mvc.EndpointHandlerMapping] AbstractHandlerMethodMapping.java:543 - Mapped "{[/heapdump || /heapdump.json],methods=[GET],produces=[application/octet-stream]}" onto public void org.springframework.boot.actuate.endpoint.mvc.HeapdumpMvcEndpoint.invoke(boolean,javax.servlet.http.HttpServletRequest,javax.servlet.http.HttpServletResponse) throws java.io.IOException,javax.servlet.ServletException
2018-09-21 09:33:19,263 [main] INFO  [o.s.b.actuate.endpoint.mvc.EndpointHandlerMapping] AbstractHandlerMethodMapping.java:543 - Mapped "{[/env],methods=[POST]}" onto public java.lang.Object org.springframework.cloud.context.environment.EnvironmentManagerMvcEndpoint.value(java.util.Map<java.lang.String, java.lang.String>)
2018-09-21 09:33:19,263 [main] INFO  [o.s.b.actuate.endpoint.mvc.EndpointHandlerMapping] AbstractHandlerMethodMapping.java:543 - Mapped "{[/env/reset],methods=[POST]}" onto public java.util.Map<java.lang.String, java.lang.Object> org.springframework.cloud.context.environment.EnvironmentManagerMvcEndpoint.reset()
2018-09-21 09:33:19,264 [main] INFO  [o.s.b.actuate.endpoint.mvc.EndpointHandlerMapping] AbstractHandlerMethodMapping.java:543 - Mapped "{[/env/{name:.*}],methods=[GET],produces=[application/vnd.spring-boot.actuator.v1+json || application/json]}" onto public java.lang.Object org.springframework.boot.actuate.endpoint.mvc.EnvironmentMvcEndpoint.value(java.lang.String)
2018-09-21 09:33:19,264 [main] INFO  [o.s.b.actuate.endpoint.mvc.EndpointHandlerMapping] AbstractHandlerMethodMapping.java:543 - Mapped "{[/env || /env.json],methods=[GET],produces=[application/vnd.spring-boot.actuator.v1+json || application/json]}" onto public java.lang.Object org.springframework.boot.actuate.endpoint.mvc.EndpointMvcAdapter.invoke()
2018-09-21 09:33:19,265 [main] INFO  [o.s.b.actuate.endpoint.mvc.EndpointHandlerMapping] AbstractHandlerMethodMapping.java:543 - Mapped "{[/auditevents || /auditevents.json],methods=[GET],produces=[application/vnd.spring-boot.actuator.v1+json || application/json]}" onto public org.springframework.http.ResponseEntity<?> org.springframework.boot.actuate.endpoint.mvc.AuditEventsMvcEndpoint.findByPrincipalAndAfterAndType(java.lang.String,java.util.Date,java.lang.String)
2018-09-21 09:33:19,266 [main] INFO  [o.s.b.actuate.endpoint.mvc.EndpointHandlerMapping] AbstractHandlerMethodMapping.java:543 - Mapped "{[/loggers/{name:.*}],methods=[GET],produces=[application/vnd.spring-boot.actuator.v1+json || application/json]}" onto public java.lang.Object org.springframework.boot.actuate.endpoint.mvc.LoggersMvcEndpoint.get(java.lang.String)
2018-09-21 09:33:19,266 [main] INFO  [o.s.b.actuate.endpoint.mvc.EndpointHandlerMapping] AbstractHandlerMethodMapping.java:543 - Mapped "{[/loggers/{name:.*}],methods=[POST],consumes=[application/vnd.spring-boot.actuator.v1+json || application/json],produces=[application/vnd.spring-boot.actuator.v1+json || application/json]}" onto public java.lang.Object org.springframework.boot.actuate.endpoint.mvc.LoggersMvcEndpoint.set(java.lang.String,java.util.Map<java.lang.String, java.lang.String>)
2018-09-21 09:33:19,266 [main] INFO  [o.s.b.actuate.endpoint.mvc.EndpointHandlerMapping] AbstractHandlerMethodMapping.java:543 - Mapped "{[/loggers || /loggers.json],methods=[GET],produces=[application/vnd.spring-boot.actuator.v1+json || application/json]}" onto public java.lang.Object org.springframework.boot.actuate.endpoint.mvc.EndpointMvcAdapter.invoke()
2018-09-21 09:33:19,267 [main] INFO  [o.s.security.web.DefaultSecurityFilterChain] DefaultSecurityFilterChain.java:43 - Creating filter chain: org.springframework.boot.actuate.autoconfigure.ManagementWebSecurityAutoConfiguration$LazyEndpointPathRequestMatcher@5fef0c19, [org.springframework.security.web.context.request.async.WebAsyncManagerIntegrationFilter@2e6d76ba, org.springframework.security.web.context.SecurityContextPersistenceFilter@4844930a, org.springframework.security.web.header.HeaderWriterFilter@19ae2ee5, org.springframework.web.filter.CorsFilter@22a6d75c, org.springframework.security.web.authentication.logout.LogoutFilter@4001d8c1, org.springframework.security.web.authentication.www.BasicAuthenticationFilter@2e56b4d, org.springframework.security.web.savedrequest.RequestCacheAwareFilter@101bdd1c, org.springframework.security.web.servletapi.SecurityContextHolderAwareRequestFilter@3dc68586, org.springframework.security.web.authentication.AnonymousAuthenticationFilter@5a9840f3, org.springframework.security.web.session.SessionManagementFilter@72557746, org.springframework.security.web.access.ExceptionTranslationFilter@445bce9a, org.springframework.security.web.access.intercept.FilterSecurityInterceptor@370ef50b]
2018-09-21 09:33:19,270 [main] INFO  [o.s.security.web.DefaultSecurityFilterChain] DefaultSecurityFilterChain.java:43 - Creating filter chain: OrRequestMatcher [requestMatchers=[Ant [pattern='/**']]], [org.springframework.security.web.context.request.async.WebAsyncManagerIntegrationFilter@4ce25e47, org.springframework.security.web.context.SecurityContextPersistenceFilter@6c951ada, org.springframework.security.web.header.HeaderWriterFilter@38ac8968, org.springframework.security.web.authentication.logout.LogoutFilter@50598a1a, org.springframework.security.web.authentication.www.BasicAuthenticationFilter@14de1901, org.springframework.security.web.savedrequest.RequestCacheAwareFilter@67b61834, org.springframework.security.web.servletapi.SecurityContextHolderAwareRequestFilter@3b0d3a63, org.springframework.security.web.authentication.AnonymousAuthenticationFilter@6380e9e9, org.springframework.security.web.session.SessionManagementFilter@17ff8810, org.springframework.security.web.access.ExceptionTranslationFilter@1cd2ff5b, org.springframework.security.web.access.intercept.FilterSecurityInterceptor@367d34c0]
2018-09-21 09:33:19,470 [main] INFO  [o.s.ui.freemarker.SpringTemplateLoader] SpringTemplateLoader.java:61 - SpringTemplateLoader for FreeMarker: using resource loader [org.springframework.boot.context.embedded.AnnotationConfigEmbeddedWebApplicationContext@52500920: startup date [Fri Sep 21 09:33:15 CST 2018]; parent: org.springframework.context.annotation.AnnotationConfigApplicationContext@6574a52c] and template loader path [classpath:/templates/]
2018-09-21 09:33:19,471 [main] INFO  [o.s.w.servlet.view.freemarker.FreeMarkerConfigurer] FreeMarkerConfigurer.java:127 - ClassTemplateLoader for Spring macros added to FreeMarker configuration
2018-09-21 09:33:19,587 [main] INFO  [o.s.cloud.netflix.eureka.InstanceInfoFactory] InstanceInfoFactory.java:71 - Setting initial instance status as: STARTING
2018-09-21 09:33:19,614 [main] INFO  [com.netflix.discovery.DiscoveryClient] DiscoveryClient.java:347 - Initializing Eureka in region us-east-1
2018-09-21 09:33:19,614 [main] INFO  [com.netflix.discovery.DiscoveryClient] DiscoveryClient.java:350 - Client configured to neither register nor query for data.
2018-09-21 09:33:19,621 [main] INFO  [com.netflix.discovery.DiscoveryClient] DiscoveryClient.java:363 - Discovery Client initialized at timestamp 1537493599621 with initial instances count: 0
2018-09-21 09:33:19,661 [main] INFO  [com.netflix.eureka.DefaultEurekaServerContext] DefaultEurekaServerContext.java:63 - Initializing ...
2018-09-21 09:33:19,663 [main] WARN  [com.netflix.eureka.cluster.PeerEurekaNodes] PeerEurekaNodes.java:156 - The replica size seems to be empty. Check the route 53 DNS Registry
2018-09-21 09:33:19,677 [main] INFO  [c.netflix.eureka.registry.AbstractInstanceRegistry] AbstractInstanceRegistry.java:152 - Finished initializing remote region registries. All known remote regions: []
2018-09-21 09:33:19,678 [main] INFO  [com.netflix.eureka.DefaultEurekaServerContext] DefaultEurekaServerContext.java:66 - Initialized
2018-09-21 09:33:19,690 [main] WARN  [o.s.c.s.e.s.EurekaServerStarterDeprecationWarningAutoConfiguration] EurekaServerStarterDeprecationWarningAutoConfiguration.java:19 - spring-cloud-starter-eureka-server is deprecated as of Spring Cloud Netflix 1.4.0, please migrate to spring-cloud-starter-netflix-eureka-server
2018-09-21 09:33:19,731 [main] INFO  [o.s.jmx.export.annotation.AnnotationMBeanExporter] MBeanExporter.java:431 - Registering beans for JMX exposure on startup
2018-09-21 09:33:19,739 [main] INFO  [o.s.jmx.export.annotation.AnnotationMBeanExporter] MBeanExporter.java:918 - Bean with name 'configurationPropertiesRebinder' has been autodetected for JMX exposure
2018-09-21 09:33:19,739 [main] INFO  [o.s.jmx.export.annotation.AnnotationMBeanExporter] MBeanExporter.java:918 - Bean with name 'refreshEndpoint' has been autodetected for JMX exposure
2018-09-21 09:33:19,740 [main] INFO  [o.s.jmx.export.annotation.AnnotationMBeanExporter] MBeanExporter.java:918 - Bean with name 'environmentManager' has been autodetected for JMX exposure
2018-09-21 09:33:19,740 [main] INFO  [o.s.jmx.export.annotation.AnnotationMBeanExporter] MBeanExporter.java:918 - Bean with name 'serviceRegistryEndpoint' has been autodetected for JMX exposure
2018-09-21 09:33:19,741 [main] INFO  [o.s.jmx.export.annotation.AnnotationMBeanExporter] MBeanExporter.java:918 - Bean with name 'refreshScope' has been autodetected for JMX exposure
2018-09-21 09:33:19,745 [main] INFO  [o.s.jmx.export.annotation.AnnotationMBeanExporter] MBeanExporter.java:679 - Located managed bean 'environmentManager': registering with JMX server as MBean [org.springframework.cloud.context.environment:name=environmentManager,type=EnvironmentManager]
2018-09-21 09:33:19,755 [main] INFO  [o.s.jmx.export.annotation.AnnotationMBeanExporter] MBeanExporter.java:679 - Located managed bean 'serviceRegistryEndpoint': registering with JMX server as MBean [org.springframework.cloud.client.serviceregistry.endpoint:name=serviceRegistryEndpoint,type=ServiceRegistryEndpoint]
2018-09-21 09:33:19,760 [main] INFO  [o.s.jmx.export.annotation.AnnotationMBeanExporter] MBeanExporter.java:679 - Located managed bean 'refreshScope': registering with JMX server as MBean [org.springframework.cloud.context.scope.refresh:name=refreshScope,type=RefreshScope]
2018-09-21 09:33:19,768 [main] INFO  [o.s.jmx.export.annotation.AnnotationMBeanExporter] MBeanExporter.java:679 - Located managed bean 'configurationPropertiesRebinder': registering with JMX server as MBean [org.springframework.cloud.context.properties:name=configurationPropertiesRebinder,context=52500920,type=ConfigurationPropertiesRebinder]
2018-09-21 09:33:19,773 [main] INFO  [o.s.jmx.export.annotation.AnnotationMBeanExporter] MBeanExporter.java:679 - Located managed bean 'refreshEndpoint': registering with JMX server as MBean [org.springframework.cloud.endpoint:name=refreshEndpoint,type=RefreshEndpoint]
2018-09-21 09:33:19,775 [main] INFO  [o.s.b.actuate.endpoint.jmx.EndpointMBeanExporter] MBeanExporter.java:431 - Registering beans for JMX exposure on startup
2018-09-21 09:33:19,783 [main] INFO  [o.s.context.support.DefaultLifecycleProcessor] DefaultLifecycleProcessor.java:341 - Starting beans in phase 0
2018-09-21 09:33:19,788 [main] INFO  [o.s.c.n.e.serviceregistry.EurekaServiceRegistry] EurekaServiceRegistry.java:40 - Registering application rain-eureka-server with eureka with status UP
2018-09-21 09:33:19,791 [main] INFO  [o.s.b.actuate.endpoint.jmx.EndpointMBeanExporter] MBeanExporter.java:679 - Located managed bean 'auditEventsEndpoint': registering with JMX server as MBean [org.springframework.boot:type=Endpoint,name=auditEventsEndpoint]
2018-09-21 09:33:19,796 [main] INFO  [o.s.b.actuate.endpoint.jmx.EndpointMBeanExporter] MBeanExporter.java:679 - Located managed bean 'archaiusEndpoint': registering with JMX server as MBean [org.springframework.boot:type=Endpoint,name=archaiusEndpoint]
2018-09-21 09:33:19,801 [main] INFO  [o.s.b.actuate.endpoint.jmx.EndpointMBeanExporter] MBeanExporter.java:679 - Located managed bean 'featuresEndpoint': registering with JMX server as MBean [org.springframework.boot:type=Endpoint,name=featuresEndpoint]
2018-09-21 09:33:19,803 [main] INFO  [o.s.b.actuate.endpoint.jmx.EndpointMBeanExporter] MBeanExporter.java:679 - Located managed bean 'requestMappingEndpoint': registering with JMX server as MBean [org.springframework.boot:type=Endpoint,name=requestMappingEndpoint]
2018-09-21 09:33:19,805 [main] INFO  [o.s.b.actuate.endpoint.jmx.EndpointMBeanExporter] MBeanExporter.java:679 - Located managed bean 'environmentEndpoint': registering with JMX server as MBean [org.springframework.boot:type=Endpoint,name=environmentEndpoint]
2018-09-21 09:33:19,807 [main] INFO  [o.s.b.actuate.endpoint.jmx.EndpointMBeanExporter] MBeanExporter.java:679 - Located managed bean 'healthEndpoint': registering with JMX server as MBean [org.springframework.boot:type=Endpoint,name=healthEndpoint]
2018-09-21 09:33:19,808 [main] INFO  [o.s.b.actuate.endpoint.jmx.EndpointMBeanExporter] MBeanExporter.java:679 - Located managed bean 'beansEndpoint': registering with JMX server as MBean [org.springframework.boot:type=Endpoint,name=beansEndpoint]
2018-09-21 09:33:19,810 [main] INFO  [o.s.b.actuate.endpoint.jmx.EndpointMBeanExporter] MBeanExporter.java:679 - Located managed bean 'infoEndpoint': registering with JMX server as MBean [org.springframework.boot:type=Endpoint,name=infoEndpoint]
2018-09-21 09:33:19,812 [main] INFO  [o.s.b.actuate.endpoint.jmx.EndpointMBeanExporter] MBeanExporter.java:679 - Located managed bean 'loggersEndpoint': registering with JMX server as MBean [org.springframework.boot:type=Endpoint,name=loggersEndpoint]
2018-09-21 09:33:19,815 [main] INFO  [o.s.b.actuate.endpoint.jmx.EndpointMBeanExporter] MBeanExporter.java:679 - Located managed bean 'metricsEndpoint': registering with JMX server as MBean [org.springframework.boot:type=Endpoint,name=metricsEndpoint]
2018-09-21 09:33:19,816 [main] INFO  [o.s.b.actuate.endpoint.jmx.EndpointMBeanExporter] MBeanExporter.java:679 - Located managed bean 'traceEndpoint': registering with JMX server as MBean [org.springframework.boot:type=Endpoint,name=traceEndpoint]
2018-09-21 09:33:19,817 [main] INFO  [o.s.b.actuate.endpoint.jmx.EndpointMBeanExporter] MBeanExporter.java:679 - Located managed bean 'dumpEndpoint': registering with JMX server as MBean [org.springframework.boot:type=Endpoint,name=dumpEndpoint]
2018-09-21 09:33:19,818 [main] INFO  [o.s.b.actuate.endpoint.jmx.EndpointMBeanExporter] MBeanExporter.java:679 - Located managed bean 'autoConfigurationReportEndpoint': registering with JMX server as MBean [org.springframework.boot:type=Endpoint,name=autoConfigurationReportEndpoint]
2018-09-21 09:33:19,819 [main] INFO  [o.s.b.actuate.endpoint.jmx.EndpointMBeanExporter] MBeanExporter.java:679 - Located managed bean 'configurationPropertiesReportEndpoint': registering with JMX server as MBean [org.springframework.boot:type=Endpoint,name=configurationPropertiesReportEndpoint]
2018-09-21 09:33:19,821 [Thread-11] INFO  [o.s.c.netflix.eureka.server.EurekaServerBootstrap] EurekaServerBootstrap.java:109 - Setting the eureka configuration..
2018-09-21 09:33:19,821 [Thread-11] INFO  [o.s.c.netflix.eureka.server.EurekaServerBootstrap] EurekaServerBootstrap.java:114 - Eureka data center value eureka.datacenter is not set, defaulting to default
2018-09-21 09:33:19,821 [Thread-11] INFO  [o.s.c.netflix.eureka.server.EurekaServerBootstrap] EurekaServerBootstrap.java:128 - Eureka environment value eureka.environment is not set, defaulting to test
2018-09-21 09:33:19,835 [Thread-11] INFO  [o.s.c.netflix.eureka.server.EurekaServerBootstrap] EurekaServerBootstrap.java:184 - isAws returned false
2018-09-21 09:33:19,835 [Thread-11] INFO  [o.s.c.netflix.eureka.server.EurekaServerBootstrap] EurekaServerBootstrap.java:152 - Initialized server context
2018-09-21 09:33:19,835 [Thread-11] INFO  [c.n.eureka.registry.PeerAwareInstanceRegistryImpl] PeerAwareInstanceRegistryImpl.java:242 - Got 1 instances from neighboring DS node
2018-09-21 09:33:19,835 [Thread-11] INFO  [c.n.eureka.registry.PeerAwareInstanceRegistryImpl] PeerAwareInstanceRegistryImpl.java:243 - Renew threshold is: 1
2018-09-21 09:33:19,836 [Thread-11] INFO  [c.n.eureka.registry.PeerAwareInstanceRegistryImpl] PeerAwareInstanceRegistryImpl.java:254 - Changing status to UP
2018-09-21 09:33:19,838 [main] INFO  [org.apache.coyote.http11.Http11NioProtocol] DirectJDKLog.java:180 - Starting ProtocolHandler ["http-nio-1025"]
2018-09-21 09:33:19,843 [Thread-11] INFO  [o.s.c.n.e.s.EurekaServerInitializerConfiguration] EurekaServerInitializerConfiguration.java:72 - Started Eureka Server
2018-09-21 09:33:19,847 [main] INFO  [org.apache.tomcat.util.net.NioSelectorPool] DirectJDKLog.java:180 - Using a shared selector for servlet write/read
2018-09-21 09:33:19,857 [main] INFO  [o.s.b.c.e.tomcat.TomcatEmbeddedServletContainer] TomcatEmbeddedServletContainer.java:216 - Tomcat started on port(s): 1025 (http)
2018-09-21 09:33:19,858 [main] INFO  [o.s.c.n.e.s.EurekaAutoServiceRegistration] EurekaAutoServiceRegistration.java:124 - Updating port to 1025
2018-09-21 09:33:19,860 [main] INFO  [com.github.rain.eureka.RainEurekaApplication] StartupInfoLogger.java:57 - Started RainEurekaApplication in 6.13 seconds (JVM running for 6.787)
2018-09-21 09:33:37,925 [http-nio-1025-exec-1] INFO  [o.a.c.core.ContainerBase.[Tomcat].[localhost].[/]] DirectJDKLog.java:180 - Initializing Spring FrameworkServlet 'dispatcherServlet'
2018-09-21 09:33:37,925 [http-nio-1025-exec-1] INFO  [org.springframework.web.servlet.DispatcherServlet] FrameworkServlet.java:489 - FrameworkServlet 'dispatcherServlet': initialization started
2018-09-21 09:33:37,951 [http-nio-1025-exec-1] INFO  [org.springframework.web.servlet.DispatcherServlet] FrameworkServlet.java:508 - FrameworkServlet 'dispatcherServlet': initialization completed in 26 ms
2018-09-21 09:34:19,836 [Eureka-EvictionTimer] INFO  [c.netflix.eureka.registry.AbstractInstanceRegistry] AbstractInstanceRegistry.java:1255 - Running the evict task with compensationTime 0ms
2018-09-21 09:34:22,351 [RMI TCP Connection(2)-127.0.0.1] INFO  [o.s.b.a.SpringApplicationAdminMXBeanRegistrar$SpringApplicationAdmin] SpringApplicationAdminMXBeanRegistrar.java:125 - Application shutdown requested.
2018-09-21 09:34:22,351 [RMI TCP Connection(2)-127.0.0.1] INFO  [o.s.b.c.e.AnnotationConfigEmbeddedWebApplicationContext] AbstractApplicationContext.java:984 - Closing org.springframework.boot.context.embedded.AnnotationConfigEmbeddedWebApplicationContext@52500920: startup date [Fri Sep 21 09:33:15 CST 2018]; parent: org.springframework.context.annotation.AnnotationConfigApplicationContext@6574a52c
2018-09-21 09:34:22,352 [RMI TCP Connection(2)-127.0.0.1] INFO  [o.s.c.n.e.serviceregistry.EurekaServiceRegistry] EurekaServiceRegistry.java:64 - Unregistering application rain-eureka-server with eureka with status DOWN
2018-09-21 09:34:22,353 [RMI TCP Connection(2)-127.0.0.1] INFO  [o.s.context.support.DefaultLifecycleProcessor] DefaultLifecycleProcessor.java:356 - Stopping beans in phase 0
2018-09-21 09:34:22,355 [RMI TCP Connection(2)-127.0.0.1] INFO  [com.netflix.eureka.DefaultEurekaServerContext] DefaultEurekaServerContext.java:72 - Shutting down ...
2018-09-21 09:34:22,358 [RMI TCP Connection(2)-127.0.0.1] INFO  [com.netflix.eureka.DefaultEurekaServerContext] DefaultEurekaServerContext.java:75 - Shut down
2018-09-21 09:34:22,360 [RMI TCP Connection(2)-127.0.0.1] INFO  [o.s.b.actuate.endpoint.jmx.EndpointMBeanExporter] MBeanExporter.java:449 - Unregistering JMX-exposed beans on shutdown
2018-09-21 09:34:22,361 [RMI TCP Connection(2)-127.0.0.1] INFO  [o.s.b.actuate.endpoint.jmx.EndpointMBeanExporter] MBeanRegistrationSupport.java:241 - Unregistering JMX-exposed beans
2018-09-21 09:34:22,361 [RMI TCP Connection(2)-127.0.0.1] INFO  [o.s.jmx.export.annotation.AnnotationMBeanExporter] MBeanExporter.java:449 - Unregistering JMX-exposed beans on shutdown
2018-09-21 09:34:22,362 [RMI TCP Connection(2)-127.0.0.1] INFO  [o.s.jmx.export.annotation.AnnotationMBeanExporter] MBeanRegistrationSupport.java:241 - Unregistering JMX-exposed beans
2018-09-21 09:34:22,365 [RMI TCP Connection(2)-127.0.0.1] INFO  [com.netflix.discovery.DiscoveryClient] DiscoveryClient.java:866 - Shutting down DiscoveryClient ...
2018-09-21 09:34:22,365 [RMI TCP Connection(2)-127.0.0.1] INFO  [com.netflix.discovery.DiscoveryClient] DiscoveryClient.java:887 - Completed shut down of DiscoveryClient
2018-09-21 09:34:22,366 [RMI TCP Connection(2)-127.0.0.1] INFO  [org.apache.coyote.http11.Http11NioProtocol] DirectJDKLog.java:180 - Pausing ProtocolHandler ["http-nio-1025"]
2018-09-21 09:34:22,442 [RMI TCP Connection(2)-127.0.0.1] INFO  [org.apache.catalina.core.StandardService] DirectJDKLog.java:180 - Stopping service [Tomcat]
2018-09-21 09:34:22,445 [localhost-startStop-2] INFO  [o.a.c.core.ContainerBase.[Tomcat].[localhost].[/]] DirectJDKLog.java:180 - Destroying Spring FrameworkServlet 'dispatcherServlet'
2018-09-21 09:34:22,450 [RMI TCP Connection(2)-127.0.0.1] INFO  [org.apache.coyote.http11.Http11NioProtocol] DirectJDKLog.java:180 - Stopping ProtocolHandler ["http-nio-1025"]
2018-09-21 09:34:22,455 [RMI TCP Connection(2)-127.0.0.1] INFO  [org.apache.coyote.http11.Http11NioProtocol] DirectJDKLog.java:180 - Destroying ProtocolHandler ["http-nio-1025"]
